<?xml version="1.0" encoding="UTF-8"?>
<testsuite xmlns:xsi="http://www.w3.org/2001/XMLSchema-instance" xsi:noNamespaceSchemaLocation="https://maven.apache.org/surefire/maven-surefire-plugin/xsd/surefire-test-report-3.0.xsd" version="3.0" name="com.limitbeyond.controller.AuthControllerTest" time="17.26" tests="2" errors="0" skipped="0" failures="0">
  <properties>
[...]
</properties>
  <testcase name="testSignin" classname="com.limitbeyond.controller.AuthControllerTest" time="3.008">
    <system-out><![CDATA[22:12:48.003 [main] INFO org.springframework.test.context.support.AnnotationConfigContextLoaderUtils -- Could not detect default configuration classes for test class [com.limitbeyond.controller.AuthControllerTest]: AuthControllerTest does not declare any static, non-private, non-final, nested classes annotated with @Configuration.
22:12:48.363 [main] INFO org.springframework.boot.test.context.SpringBootTestContextBootstrapper -- Found @SpringBootConfiguration com.limitbeyond.LimitBeyondApplication for test class com.limitbeyond.controller.AuthControllerTest

  .   ____          _            __ _ _
 /\\ / ___'_ __ _ _(_)_ __  __ _ \ \ \ \
( ( )\___ | '_ | '_| | '_ \/ _` | \ \ \ \
 \\/  ___)| |_)| | | | | || (_| |  ) ) ) )
  '  |____| .__|_| |_|_| |_\__, | / / / /
 =========|_|==============|___/=/_/_/_/
 :: Spring Boot ::                (v3.2.3)

2025-09-08T22:12:49.738+05:30  INFO 6804 --- [           main] c.l.controller.AuthControllerTest        : Starting AuthControllerTest using Java 23.0.1 with PID 6804 (started by user in C:\Users\user\Desktop\limitbeyond2.0\backend)
2025-09-08T22:12:49.740+05:30 DEBUG 6804 --- [           main] c.l.controller.AuthControllerTest        : Running with Spring Boot v3.2.3, Spring v6.1.4
2025-09-08T22:12:49.744+05:30  INFO 6804 --- [           main] c.l.controller.AuthControllerTest        : No active profile set, falling back to 1 default profile: "default"
2025-09-08T22:12:49.823+05:30 DEBUG 6804 --- [           main] o.s.w.c.s.GenericWebApplicationContext   : Refreshing org.springframework.web.context.support.GenericWebApplicationContext@44ea608c
2025-09-08T22:12:51.575+05:30  INFO 6804 --- [           main] .s.d.r.c.RepositoryConfigurationDelegate : Bootstrapping Spring Data MongoDB repositories in DEFAULT mode.
2025-09-08T22:12:51.753+05:30  INFO 6804 --- [           main] .s.d.r.c.RepositoryConfigurationDelegate : Finished Spring Data repository scanning in 164 ms. Found 9 MongoDB repository interfaces.
2025-09-08T22:12:55.474+05:30  INFO 6804 --- [           main] org.mongodb.driver.client                : MongoClient with metadata {"application": {"name": "Cluster0"}, "driver": {"name": "mongo-java-driver|sync|spring-boot", "version": "4.11.1"}, "os": {"type": "Windows", "name": "Windows 11", "architecture": "amd64", "version": "10.0"}, "platform": "Java/Oracle Corporation/23.0.1+11-39"} created with settings MongoClientSettings{readPreference=primary, writeConcern=WriteConcern{w=majority, wTimeout=null ms, journal=null}, retryWrites=true, retryReads=true, readConcern=ReadConcern{level=null}, credential=MongoCredential{mechanism=null, userName='bibek', source='admin', password=<hidden>, mechanismProperties=<hidden>}, transportSettings=null, streamFactoryFactory=null, commandListeners=[], codecRegistry=ProvidersCodecRegistry{codecProviders=[ValueCodecProvider{}, BsonValueCodecProvider{}, DBRefCodecProvider{}, DBObjectCodecProvider{}, DocumentCodecProvider{}, CollectionCodecProvider{}, IterableCodecProvider{}, MapCodecProvider{}, GeoJsonCodecProvider{}, GridFSFileCodecProvider{}, Jsr310CodecProvider{}, JsonObjectCodecProvider{}, BsonCodecProvider{}, EnumCodecProvider{}, com.mongodb.client.model.mql.ExpressionCodecProvider@2b736fee, com.mongodb.Jep395RecordCodecProvider@3249e278, com.mongodb.KotlinCodecProvider@35adf623]}, loggerSettings=LoggerSettings{maxDocumentLength=1000}, clusterSettings={hosts=[127.0.0.1:27017], srvHost=cluster0.gaaho0t.mongodb.net, srvServiceName=mongodb, mode=MULTIPLE, requiredClusterType=REPLICA_SET, requiredReplicaSetName='atlas-w7svai-shard-0', serverSelector='null', clusterListeners='[]', serverSelectionTimeout='30000 ms', localThreshold='15 ms'}, socketSettings=SocketSettings{connectTimeoutMS=10000, readTimeoutMS=0, receiveBufferSize=0, proxySettings=ProxySettings{host=null, port=null, username=null, password=null}}, heartbeatSocketSettings=SocketSettings{connectTimeoutMS=10000, readTimeoutMS=10000, receiveBufferSize=0, proxySettings=ProxySettings{host=null, port=null, username=null, password=null}}, connectionPoolSettings=ConnectionPoolSettings{maxSize=100, minSize=0, maxWaitTimeMS=120000, maxConnectionLifeTimeMS=0, maxConnectionIdleTimeMS=0, maintenanceInitialDelayMS=0, maintenanceFrequencyMS=60000, connectionPoolListeners=[], maxConnecting=2}, serverSettings=ServerSettings{heartbeatFrequencyMS=10000, minHeartbeatFrequencyMS=500, serverListeners='[]', serverMonitorListeners='[]'}, sslSettings=SslSettings{enabled=true, invalidHostNameAllowed=false, context=null}, applicationName='Cluster0', compressorList=[], uuidRepresentation=JAVA_LEGACY, serverApi=null, autoEncryptionSettings=null, dnsClient=null, inetAddressResolver=null, contextProvider=null}
2025-09-08T22:12:55.563+05:30  INFO 6804 --- [o0t.mongodb.net] org.mongodb.driver.cluster               : Adding discovered server ac-wlervqs-shard-00-00.gaaho0t.mongodb.net:27017 to client view of cluster
2025-09-08T22:12:55.646+05:30  INFO 6804 --- [o0t.mongodb.net] org.mongodb.driver.cluster               : Adding discovered server ac-wlervqs-shard-00-01.gaaho0t.mongodb.net:27017 to client view of cluster
2025-09-08T22:12:55.655+05:30  INFO 6804 --- [o0t.mongodb.net] org.mongodb.driver.cluster               : Adding discovered server ac-wlervqs-shard-00-02.gaaho0t.mongodb.net:27017 to client view of cluster
2025-09-08T22:12:56.001+05:30 DEBUG 6804 --- [           main] .m.c.i.MongoPersistentEntityIndexCreator : Analyzing class class com.limitbeyond.model.DietChat$DietChatMessage for index information
2025-09-08T22:12:56.001+05:30 DEBUG 6804 --- [           main] .m.c.i.MongoPersistentEntityIndexCreator : Analyzing class class com.limitbeyond.model.Workout for index information
2025-09-08T22:12:56.017+05:30 DEBUG 6804 --- [           main] .m.c.i.MongoPersistentEntityIndexCreator : Analyzing class class com.limitbeyond.model.Checkin for index information
2025-09-08T22:12:56.017+05:30 DEBUG 6804 --- [           main] .m.c.i.MongoPersistentEntityIndexCreator : Analyzing class class com.limitbeyond.model.Feedback$FeedbackResponse for index information
2025-09-08T22:12:56.017+05:30 DEBUG 6804 --- [           main] .m.c.i.MongoPersistentEntityIndexCreator : Analyzing class class com.limitbeyond.model.Feedback for index information
2025-09-08T22:12:56.018+05:30 DEBUG 6804 --- [           main] .m.c.i.MongoPersistentEntityIndexCreator : Analyzing class class com.limitbeyond.model.ExerciseTemplate for index information
2025-09-08T22:12:56.020+05:30 DEBUG 6804 --- [           main] .m.c.i.MongoPersistentEntityIndexCreator : Analyzing class class com.limitbeyond.model.User for index information
2025-09-08T22:12:56.020+05:30 DEBUG 6804 --- [           main] .m.c.i.MongoPersistentEntityIndexCreator : Analyzing class class com.limitbeyond.model.DietChat for index information
2025-09-08T22:12:56.023+05:30 DEBUG 6804 --- [           main] .m.c.i.MongoPersistentEntityIndexCreator : Analyzing class class com.limitbeyond.model.MuscleGroup for index information
2025-09-08T22:12:56.023+05:30 DEBUG 6804 --- [           main] .m.c.i.MongoPersistentEntityIndexCreator : Analyzing class class com.limitbeyond.model.WorkoutSet for index information
2025-09-08T22:12:56.023+05:30 DEBUG 6804 --- [           main] .m.c.i.MongoPersistentEntityIndexCreator : Analyzing class class com.limitbeyond.model.User$WeightEntry for index information
2025-09-08T22:12:56.023+05:30 DEBUG 6804 --- [           main] .m.c.i.MongoPersistentEntityIndexCreator : Analyzing class class com.limitbeyond.model.Payment for index information
2025-09-08T22:12:56.905+05:30  INFO 6804 --- [ngodb.net:27017] org.mongodb.driver.cluster               : Monitor thread successfully connected to server with description ServerDescription{address=ac-wlervqs-shard-00-01.gaaho0t.mongodb.net:27017, type=REPLICA_SET_SECONDARY, state=CONNECTED, ok=true, minWireVersion=0, maxWireVersion=25, maxDocumentSize=16777216, logicalSessionTimeoutMinutes=30, roundTripTimeNanos=614493300, setName='atlas-w7svai-shard-0', canonicalAddress=ac-wlervqs-shard-00-01.gaaho0t.mongodb.net:27017, hosts=[ac-wlervqs-shard-00-02.gaaho0t.mongodb.net:27017, ac-wlervqs-shard-00-01.gaaho0t.mongodb.net:27017, ac-wlervqs-shard-00-00.gaaho0t.mongodb.net:27017], passives=[], arbiters=[], primary='ac-wlervqs-shard-00-02.gaaho0t.mongodb.net:27017', tagSet=TagSet{[Tag{name='availabilityZone', value='aps1-az3'}, Tag{name='diskState', value='READY'}, Tag{name='nodeType', value='ELECTABLE'}, Tag{name='provider', value='AWS'}, Tag{name='region', value='AP_SOUTH_1'}, Tag{name='workloadType', value='OPERATIONAL'}]}, electionId=null, setVersion=43, topologyVersion=TopologyVersion{processId=68b741e0b28846c6c5bf1c27, counter=3}, lastWriteDate=Mon Sep 08 22:12:56 IST 2025, lastUpdateTimeNanos=512721525483300}
2025-09-08T22:12:56.905+05:30  INFO 6804 --- [ngodb.net:27017] org.mongodb.driver.cluster               : Monitor thread successfully connected to server with description ServerDescription{address=ac-wlervqs-shard-00-00.gaaho0t.mongodb.net:27017, type=REPLICA_SET_SECONDARY, state=CONNECTED, ok=true, minWireVersion=0, maxWireVersion=25, maxDocumentSize=16777216, logicalSessionTimeoutMinutes=30, roundTripTimeNanos=617118200, setName='atlas-w7svai-shard-0', canonicalAddress=ac-wlervqs-shard-00-00.gaaho0t.mongodb.net:27017, hosts=[ac-wlervqs-shard-00-02.gaaho0t.mongodb.net:27017, ac-wlervqs-shard-00-01.gaaho0t.mongodb.net:27017, ac-wlervqs-shard-00-00.gaaho0t.mongodb.net:27017], passives=[], arbiters=[], primary='ac-wlervqs-shard-00-02.gaaho0t.mongodb.net:27017', tagSet=TagSet{[Tag{name='availabilityZone', value='aps1-az1'}, Tag{name='diskState', value='READY'}, Tag{name='nodeType', value='ELECTABLE'}, Tag{name='provider', value='AWS'}, Tag{name='region', value='AP_SOUTH_1'}, Tag{name='workloadType', value='OPERATIONAL'}]}, electionId=null, setVersion=43, topologyVersion=TopologyVersion{processId=68b741584c2568eb6b04640a, counter=4}, lastWriteDate=Mon Sep 08 22:12:56 IST 2025, lastUpdateTimeNanos=512721528129900}
2025-09-08T22:12:56.905+05:30  INFO 6804 --- [ngodb.net:27017] org.mongodb.driver.cluster               : Monitor thread successfully connected to server with description ServerDescription{address=ac-wlervqs-shard-00-02.gaaho0t.mongodb.net:27017, type=REPLICA_SET_PRIMARY, state=CONNECTED, ok=true, minWireVersion=0, maxWireVersion=25, maxDocumentSize=16777216, logicalSessionTimeoutMinutes=30, roundTripTimeNanos=615177700, setName='atlas-w7svai-shard-0', canonicalAddress=ac-wlervqs-shard-00-02.gaaho0t.mongodb.net:27017, hosts=[ac-wlervqs-shard-00-02.gaaho0t.mongodb.net:27017, ac-wlervqs-shard-00-01.gaaho0t.mongodb.net:27017, ac-wlervqs-shard-00-00.gaaho0t.mongodb.net:27017], passives=[], arbiters=[], primary='ac-wlervqs-shard-00-02.gaaho0t.mongodb.net:27017', tagSet=TagSet{[Tag{name='availabilityZone', value='aps1-az2'}, Tag{name='diskState', value='READY'}, Tag{name='nodeType', value='ELECTABLE'}, Tag{name='provider', value='AWS'}, Tag{name='region', value='AP_SOUTH_1'}, Tag{name='workloadType', value='OPERATIONAL'}]}, electionId=7fffffff000000000000007d, setVersion=43, topologyVersion=TopologyVersion{processId=68b7419bdd2ff8e525b9f247, counter=6}, lastWriteDate=Mon Sep 08 22:12:56 IST 2025, lastUpdateTimeNanos=512721528093900}
2025-09-08T22:12:56.913+05:30  INFO 6804 --- [ngodb.net:27017] org.mongodb.driver.cluster               : Discovered replica set primary ac-wlervqs-shard-00-02.gaaho0t.mongodb.net:27017 with max election id 7fffffff000000000000007d and max set version 43
2025-09-08T22:12:59.777+05:30 DEBUG 6804 --- [           main] s.w.s.m.m.a.RequestMappingHandlerMapping : 66 mappings in 'requestMappingHandlerMapping'
2025-09-08T22:13:00.076+05:30 DEBUG 6804 --- [           main] o.s.w.s.handler.SimpleUrlHandlerMapping  : Patterns [/webjars/**, /**] in 'resourceHandlerMapping'
2025-09-08T22:13:00.175+05:30  INFO 6804 --- [           main] o.s.s.web.DefaultSecurityFilterChain     : Will secure any request with [org.springframework.security.web.session.DisableEncodeUrlFilter@5ad6f98e, org.springframework.security.web.context.request.async.WebAsyncManagerIntegrationFilter@586728e8, org.springframework.security.web.context.SecurityContextHolderFilter@6c6379c, org.springframework.security.web.header.HeaderWriterFilter@da34eb0, org.springframework.web.filter.CorsFilter@3316527e, org.springframework.security.web.authentication.logout.LogoutFilter@642c72cf, com.limitbeyond.security.JwtAuthenticationFilter@786ff0ea, org.springframework.security.web.savedrequest.RequestCacheAwareFilter@2bfa17b0, org.springframework.security.web.servletapi.SecurityContextHolderAwareRequestFilter@625264ed, org.springframework.security.web.authentication.AnonymousAuthenticationFilter@15186ce0, org.springframework.security.web.session.SessionManagementFilter@2bf3ec4, org.springframework.security.web.access.ExceptionTranslationFilter@5d84e363, org.springframework.security.web.access.intercept.AuthorizationFilter@6cbdd1c5]
2025-09-08T22:13:00.722+05:30 DEBUG 6804 --- [           main] s.w.s.m.m.a.RequestMappingHandlerAdapter : ControllerAdvice beans: 0 @ModelAttribute, 0 @InitBinder, 1 RequestBodyAdvice, 1 ResponseBodyAdvice
2025-09-08T22:13:00.803+05:30 DEBUG 6804 --- [           main] .m.m.a.ExceptionHandlerExceptionResolver : ControllerAdvice beans: 0 @ExceptionHandler, 1 ResponseBodyAdvice
2025-09-08T22:13:01.014+05:30 DEBUG 6804 --- [           main] c.l.security.JwtAuthenticationFilter     : Filter 'jwtAuthenticationFilter' configured for use
2025-09-08T22:13:01.015+05:30  INFO 6804 --- [           main] o.s.b.t.m.w.SpringBootMockServletContext : Initializing Spring TestDispatcherServlet ''
2025-09-08T22:13:01.016+05:30  INFO 6804 --- [           main] o.s.t.web.servlet.TestDispatcherServlet  : Initializing Servlet ''
2025-09-08T22:13:01.017+05:30  INFO 6804 --- [           main] o.s.t.web.servlet.TestDispatcherServlet  : Completed initialization in 1 ms
2025-09-08T22:13:01.052+05:30  INFO 6804 --- [           main] c.l.controller.AuthControllerTest        : Started AuthControllerTest in 12.291 seconds (process running for 14.58)
2025-09-08T22:13:01.094+05:30 DEBUG 6804 --- [           main] o.s.data.mongodb.core.MongoTemplate      : Executing count: {} in collection: exercise_templates
2025-09-08T22:13:01.491+05:30 DEBUG 6804 --- [           main] o.s.data.mongodb.core.MongoTemplate      : Executing count: {} in collection: muscle_groups
2025-09-08T22:13:01.527+05:30 DEBUG 6804 --- [           main] o.s.data.mongodb.core.MongoTemplate      : Executing count: {} in collection: exercise_templates
2025-09-08T22:13:03.388+05:30 DEBUG 6804 --- [           main] o.s.data.mongodb.core.MongoTemplate      : Remove using query: {} in collection: users.
2025-09-08T22:13:03.642+05:30 DEBUG 6804 --- [           main] o.s.data.mongodb.core.MongoTemplate      : Inserting Document containing fields: [username, email, password, roles, active, assignedMembers, weightHistory, _class] in collection: users
2025-09-08T22:13:03.788+05:30 DEBUG 6804 --- [           main] o.s.security.web.FilterChainProxy        : Securing POST /api/auth/signin
2025-09-08T22:13:03.805+05:30 DEBUG 6804 --- [           main] o.s.s.w.a.AnonymousAuthenticationFilter  : Set SecurityContextHolder to anonymous SecurityContext
2025-09-08T22:13:03.806+05:30 DEBUG 6804 --- [           main] o.s.security.web.FilterChainProxy        : Secured POST /api/auth/signin
2025-09-08T22:13:03.815+05:30 DEBUG 6804 --- [           main] s.w.s.m.m.a.RequestMappingHandlerMapping : Mapped to com.limitbeyond.controller.AuthController#authenticateUser(LoginRequest)
2025-09-08T22:13:03.988+05:30 DEBUG 6804 --- [           main] m.m.a.RequestResponseBodyMethodProcessor : Read "application/json;charset=UTF-8" to [com.limitbeyond.payload.LoginRequest@58d79479]
2025-09-08T22:13:04.195+05:30 DEBUG 6804 --- [           main] o.s.d.m.r.query.MongoQueryCreator        : Created query Query: { "username" : "testuser"}, Fields: {}, Sort: {}
2025-09-08T22:13:04.215+05:30 DEBUG 6804 --- [           main] o.s.data.mongodb.core.MongoTemplate      : find using query: { "username" : "testuser"} fields: Document{{}} for class: class com.limitbeyond.model.User in collection: users
2025-09-08T22:13:04.423+05:30 DEBUG 6804 --- [           main] o.s.s.a.dao.DaoAuthenticationProvider    : Authenticated user
2025-09-08T22:13:04.494+05:30 DEBUG 6804 --- [           main] o.s.w.s.m.m.a.HttpEntityMethodProcessor  : Using 'application/json', given [*/*] and supported [application/json, application/*+json]
2025-09-08T22:13:04.496+05:30 DEBUG 6804 --- [           main] o.s.w.s.m.m.a.HttpEntityMethodProcessor  : Writing [com.limitbeyond.payload.JwtAuthenticationResponse@759b05d1]
]]></system-out>
    <system-err><![CDATA[WARNING: A Java agent has been loaded dynamically (C:\Users\user\.m2\repository\net\bytebuddy\byte-buddy-agent\1.14.12\byte-buddy-agent-1.14.12.jar)
WARNING: If a serviceability tool is in use, please run with -XX:+EnableDynamicAgentLoading to hide this warning
WARNING: If a serviceability tool is not in use, please run with -Djdk.instrument.traceUsage for more information
WARNING: Dynamic loading of agents will be disallowed by default in a future release
]]></system-err>
  </testcase>
  <testcase name="testSignup" classname="com.limitbeyond.controller.AuthControllerTest" time="0.294">
    <system-out><![CDATA[2025-09-08T22:13:04.605+05:30 DEBUG 6804 --- [           main] o.s.data.mongodb.core.MongoTemplate      : Remove using query: {} in collection: users.
2025-09-08T22:13:04.645+05:30 DEBUG 6804 --- [           main] o.s.security.web.FilterChainProxy        : Securing POST /api/auth/signup
2025-09-08T22:13:04.646+05:30 DEBUG 6804 --- [           main] o.s.s.w.a.AnonymousAuthenticationFilter  : Set SecurityContextHolder to anonymous SecurityContext
2025-09-08T22:13:04.646+05:30 DEBUG 6804 --- [           main] o.s.security.web.FilterChainProxy        : Secured POST /api/auth/signup
2025-09-08T22:13:04.646+05:30 DEBUG 6804 --- [           main] s.w.s.m.m.a.RequestMappingHandlerMapping : Mapped to com.limitbeyond.controller.AuthController#registerUser(SignupRequest)
2025-09-08T22:13:04.659+05:30 DEBUG 6804 --- [           main] m.m.a.RequestResponseBodyMethodProcessor : Read "application/json;charset=UTF-8" to [com.limitbeyond.payload.SignupRequest@251e2f4a]
2025-09-08T22:13:04.675+05:30 DEBUG 6804 --- [           main] o.s.d.m.r.query.MongoQueryCreator        : Created query Query: { "username" : "testadmin"}, Fields: {}, Sort: {}
2025-09-08T22:13:04.677+05:30 DEBUG 6804 --- [           main] o.s.data.mongodb.core.MongoTemplate      : Executing count: { "username" : "testadmin"} in collection: users
2025-09-08T22:13:04.717+05:30 DEBUG 6804 --- [           main] o.s.d.m.r.query.MongoQueryCreator        : Created query Query: { "email" : "admin@test.com"}, Fields: {}, Sort: {}
2025-09-08T22:13:04.718+05:30 DEBUG 6804 --- [           main] o.s.data.mongodb.core.MongoTemplate      : Executing count: { "email" : "admin@test.com"} in collection: users
2025-09-08T22:13:04.848+05:30 DEBUG 6804 --- [           main] o.s.data.mongodb.core.MongoTemplate      : Inserting Document containing fields: [username, email, password, firstName, lastName, phoneNumber, roles, active, assignedMembers, weightHistory, _class] in collection: users
2025-09-08T22:13:04.890+05:30 DEBUG 6804 --- [           main] o.s.w.s.m.m.a.HttpEntityMethodProcessor  : Using 'application/json', given [*/*] and supported [application/json, application/*+json]
2025-09-08T22:13:04.891+05:30 DEBUG 6804 --- [           main] o.s.w.s.m.m.a.HttpEntityMethodProcessor  : Writing [{message=Registration successful. For trainer accounts, please wait for admin approval.}]
]]></system-out>
  </testcase>
</testsuite>