<?xml version="1.0" encoding="UTF-8"?>
<testsuite xmlns:xsi="http://www.w3.org/2001/XMLSchema-instance" xsi:noNamespaceSchemaLocation="https://maven.apache.org/surefire/maven-surefire-plugin/xsd/surefire-test-report-3.0.xsd" version="3.0" name="com.limitbeyond.controller.UserControllerTest" time="1.838" tests="4" errors="0" skipped="0" failures="0">
  <properties>
[...]
</properties>
  <testcase name="testGetCurrentUser" classname="com.limitbeyond.controller.UserControllerTest" time="0.332">
    <system-out><![CDATA[2025-09-03T11:29:47.359+05:30  INFO 17344 --- [           main] t.c.s.AnnotationConfigContextLoaderUtils : Could not detect default configuration classes for test class [com.limitbeyond.controller.UserControllerTest]: UserControllerTest does not declare any static, non-private, non-final, nested classes annotated with @Configuration.
2025-09-03T11:29:47.364+05:30  INFO 17344 --- [           main] .b.t.c.SpringBootTestContextBootstrapper : Found @SpringBootConfiguration com.limitbeyond.LimitBeyondApplication for test class com.limitbeyond.controller.UserControllerTest
2025-09-03T11:29:47.368+05:30 DEBUG 17344 --- [           main] o.s.data.mongodb.core.MongoTemplate      : Remove using query: {} in collection: users.
2025-09-03T11:29:47.473+05:30 DEBUG 17344 --- [           main] o.s.data.mongodb.core.MongoTemplate      : Inserting Document containing fields: [username, email, password, roles, active, assignedMembers, _class] in collection: users
2025-09-03T11:29:47.576+05:30 DEBUG 17344 --- [           main] o.s.data.mongodb.core.MongoTemplate      : Inserting Document containing fields: [username, email, password, roles, active, assignedMembers, _class] in collection: users
2025-09-03T11:29:47.617+05:30 DEBUG 17344 --- [           main] o.s.security.web.FilterChainProxy        : Securing GET /api/users/me
2025-09-03T11:29:47.620+05:30 DEBUG 17344 --- [           main] o.s.data.mongodb.core.MongoTemplate      : findOne using query: { "id" : "68b7d953af3d03420fbfb8c9"} fields: Document{{}} for class: class com.limitbeyond.model.User in collection: users
2025-09-03T11:29:47.656+05:30 DEBUG 17344 --- [           main] o.s.security.web.FilterChainProxy        : Secured GET /api/users/me
2025-09-03T11:29:47.656+05:30 DEBUG 17344 --- [           main] s.w.s.m.m.a.RequestMappingHandlerMapping : Mapped to com.limitbeyond.controller.UserController#getCurrentUser()
2025-09-03T11:29:47.656+05:30 DEBUG 17344 --- [           main] o.s.d.m.r.query.MongoQueryCreator        : Created query Query: { "username" : "member"}, Fields: {}, Sort: {}
2025-09-03T11:29:47.656+05:30 DEBUG 17344 --- [           main] o.s.data.mongodb.core.MongoTemplate      : find using query: { "username" : "member"} fields: Document{{}} for class: class com.limitbeyond.model.User in collection: users
2025-09-03T11:29:47.691+05:30 DEBUG 17344 --- [           main] o.s.w.s.m.m.a.HttpEntityMethodProcessor  : Using 'application/json', given [*/*] and supported [application/json, application/*+json]
2025-09-03T11:29:47.691+05:30 DEBUG 17344 --- [           main] o.s.w.s.m.m.a.HttpEntityMethodProcessor  : Writing [com.limitbeyond.model.User@6689bf04]
]]></system-out>
  </testcase>
  <testcase name="testAssignTrainerToMember" classname="com.limitbeyond.controller.UserControllerTest" time="0.621">
    <system-out><![CDATA[2025-09-03T11:29:47.700+05:30 DEBUG 17344 --- [           main] o.s.data.mongodb.core.MongoTemplate      : Remove using query: {} in collection: users.
2025-09-03T11:29:47.812+05:30 DEBUG 17344 --- [           main] o.s.data.mongodb.core.MongoTemplate      : Inserting Document containing fields: [username, email, password, roles, active, assignedMembers, _class] in collection: users
2025-09-03T11:29:47.925+05:30 DEBUG 17344 --- [           main] o.s.data.mongodb.core.MongoTemplate      : Inserting Document containing fields: [username, email, password, roles, active, assignedMembers, _class] in collection: users
2025-09-03T11:29:48.043+05:30 DEBUG 17344 --- [           main] o.s.data.mongodb.core.MongoTemplate      : Inserting Document containing fields: [username, email, password, roles, active, assignedMembers, _class] in collection: users
2025-09-03T11:29:48.107+05:30 DEBUG 17344 --- [           main] o.s.security.web.FilterChainProxy        : Securing PUT /api/users/member/68b7d953af3d03420fbfb8cb/assign-trainer
2025-09-03T11:29:48.110+05:30 DEBUG 17344 --- [           main] o.s.data.mongodb.core.MongoTemplate      : findOne using query: { "id" : "68b7d953af3d03420fbfb8ca"} fields: Document{{}} for class: class com.limitbeyond.model.User in collection: users
2025-09-03T11:29:48.145+05:30 DEBUG 17344 --- [           main] o.s.security.web.FilterChainProxy        : Secured PUT /api/users/member/68b7d953af3d03420fbfb8cb/assign-trainer
2025-09-03T11:29:48.145+05:30 DEBUG 17344 --- [           main] s.w.s.m.m.a.RequestMappingHandlerMapping : Mapped to com.limitbeyond.controller.UserController#assignTrainerToMember(String, Map)
2025-09-03T11:29:48.152+05:30 DEBUG 17344 --- [           main] m.m.a.RequestResponseBodyMethodProcessor : Read "application/json;charset=UTF-8" to [{trainerId=68b7d954af3d03420fbfb8cc}]
2025-09-03T11:29:48.152+05:30 DEBUG 17344 --- [           main] horizationManagerBeforeMethodInterceptor : Authorizing method invocation ReflectiveMethodInvocation: public org.springframework.http.ResponseEntity com.limitbeyond.controller.UserController.assignTrainerToMember(java.lang.String,java.util.Map); target is of class [com.limitbeyond.controller.UserController]
2025-09-03T11:29:48.153+05:30 DEBUG 17344 --- [           main] horizationManagerBeforeMethodInterceptor : Authorized method invocation ReflectiveMethodInvocation: public org.springframework.http.ResponseEntity com.limitbeyond.controller.UserController.assignTrainerToMember(java.lang.String,java.util.Map); target is of class [com.limitbeyond.controller.UserController]
2025-09-03T11:29:48.153+05:30 DEBUG 17344 --- [           main] o.s.data.mongodb.core.MongoTemplate      : findOne using query: { "id" : "68b7d953af3d03420fbfb8cb"} fields: Document{{}} for class: class com.limitbeyond.model.User in collection: users
2025-09-03T11:29:48.220+05:30 DEBUG 17344 --- [           main] o.s.data.mongodb.core.MongoTemplate      : findOne using query: { "id" : "68b7d954af3d03420fbfb8cc"} fields: Document{{}} for class: class com.limitbeyond.model.User in collection: users
2025-09-03T11:29:48.249+05:30 DEBUG 17344 --- [           main] o.s.data.mongodb.core.MongoTemplate      : Saving Document containing fields: [_id, username, email, password, roles, active, assignedTrainer, assignedMembers, _class]
2025-09-03T11:29:48.278+05:30 DEBUG 17344 --- [           main] o.s.data.mongodb.core.MongoTemplate      : Saving Document containing fields: [_id, username, email, password, roles, active, assignedMembers, _class]
2025-09-03T11:29:48.318+05:30 DEBUG 17344 --- [           main] o.s.w.s.m.m.a.HttpEntityMethodProcessor  : Using 'text/plain', given [*/*] and supported [text/plain, */*, application/json, application/*+json]
2025-09-03T11:29:48.318+05:30 DEBUG 17344 --- [           main] o.s.w.s.m.m.a.HttpEntityMethodProcessor  : Writing ["Trainer assigned successfully"]
]]></system-out>
  </testcase>
  <testcase name="testGetAllTrainers" classname="com.limitbeyond.controller.UserControllerTest" time="0.366">
    <system-out><![CDATA[2025-09-03T11:29:48.322+05:30 DEBUG 17344 --- [           main] o.s.data.mongodb.core.MongoTemplate      : Remove using query: {} in collection: users.
2025-09-03T11:29:48.428+05:30 DEBUG 17344 --- [           main] o.s.data.mongodb.core.MongoTemplate      : Inserting Document containing fields: [username, email, password, roles, active, assignedMembers, _class] in collection: users
2025-09-03T11:29:48.535+05:30 DEBUG 17344 --- [           main] o.s.data.mongodb.core.MongoTemplate      : Inserting Document containing fields: [username, email, password, roles, active, assignedMembers, _class] in collection: users
2025-09-03T11:29:48.566+05:30 DEBUG 17344 --- [           main] o.s.security.web.FilterChainProxy        : Securing GET /api/users/trainers
2025-09-03T11:29:48.577+05:30 DEBUG 17344 --- [           main] o.s.data.mongodb.core.MongoTemplate      : findOne using query: { "id" : "68b7d954af3d03420fbfb8cd"} fields: Document{{}} for class: class com.limitbeyond.model.User in collection: users
2025-09-03T11:29:48.604+05:30 DEBUG 17344 --- [           main] o.s.security.web.FilterChainProxy        : Secured GET /api/users/trainers
2025-09-03T11:29:48.604+05:30 DEBUG 17344 --- [           main] s.w.s.m.m.a.RequestMappingHandlerMapping : Mapped to com.limitbeyond.controller.UserController#getAllTrainers()
2025-09-03T11:29:48.605+05:30 DEBUG 17344 --- [           main] horizationManagerBeforeMethodInterceptor : Authorizing method invocation ReflectiveMethodInvocation: public org.springframework.http.ResponseEntity com.limitbeyond.controller.UserController.getAllTrainers(); target is of class [com.limitbeyond.controller.UserController]
2025-09-03T11:29:48.605+05:30 DEBUG 17344 --- [           main] horizationManagerBeforeMethodInterceptor : Authorized method invocation ReflectiveMethodInvocation: public org.springframework.http.ResponseEntity com.limitbeyond.controller.UserController.getAllTrainers(); target is of class [com.limitbeyond.controller.UserController]
2025-09-03T11:29:48.607+05:30 DEBUG 17344 --- [           main] o.s.d.m.r.query.MongoQueryCreator        : Created query Query: { "roles" : { "$in" : [ { "$java" : TRAINER } ] } }, Fields: {}, Sort: {}
2025-09-03T11:29:48.609+05:30 DEBUG 17344 --- [           main] o.s.data.mongodb.core.MongoTemplate      : find using query: { "roles" : { "$in" : ["TRAINER"]}} fields: Document{{}} for class: class com.limitbeyond.model.User in collection: users
2025-09-03T11:29:48.646+05:30 DEBUG 17344 --- [           main] o.s.w.s.m.m.a.HttpEntityMethodProcessor  : Using 'application/json', given [*/*] and supported [application/json, application/*+json]
2025-09-03T11:29:48.647+05:30 DEBUG 17344 --- [           main] o.s.w.s.m.m.a.HttpEntityMethodProcessor  : Writing [[]]
2025-09-03T11:29:48.649+05:30 DEBUG 17344 --- [           main] o.s.security.web.FilterChainProxy        : Securing GET /api/users/trainers
2025-09-03T11:29:48.654+05:30 DEBUG 17344 --- [           main] o.s.data.mongodb.core.MongoTemplate      : findOne using query: { "id" : "68b7d954af3d03420fbfb8ce"} fields: Document{{}} for class: class com.limitbeyond.model.User in collection: users
2025-09-03T11:29:48.681+05:30 DEBUG 17344 --- [           main] o.s.security.web.FilterChainProxy        : Secured GET /api/users/trainers
2025-09-03T11:29:48.682+05:30 DEBUG 17344 --- [           main] s.w.s.m.m.a.RequestMappingHandlerMapping : Mapped to com.limitbeyond.controller.UserController#getAllTrainers()
2025-09-03T11:29:48.682+05:30 DEBUG 17344 --- [           main] horizationManagerBeforeMethodInterceptor : Authorizing method invocation ReflectiveMethodInvocation: public org.springframework.http.ResponseEntity com.limitbeyond.controller.UserController.getAllTrainers(); target is of class [com.limitbeyond.controller.UserController]
2025-09-03T11:29:48.683+05:30 DEBUG 17344 --- [           main] horizationManagerBeforeMethodInterceptor : Failed to authorize ReflectiveMethodInvocation: public org.springframework.http.ResponseEntity com.limitbeyond.controller.UserController.getAllTrainers(); target is of class [com.limitbeyond.controller.UserController] with authorization manager org.springframework.security.config.annotation.method.configuration.DeferringObservationAuthorizationManager@3b764e66 and decision ExpressionAuthorizationDecision [granted=false, expressionAttribute=hasRole('ADMIN')]
2025-09-03T11:29:48.683+05:30 DEBUG 17344 --- [           main] o.s.s.w.access.AccessDeniedHandlerImpl   : Responding with 403 status code
]]></system-out>
  </testcase>
  <testcase name="testActivateUser" classname="com.limitbeyond.controller.UserControllerTest" time="0.505">
    <system-out><![CDATA[2025-09-03T11:29:48.689+05:30 DEBUG 17344 --- [           main] o.s.data.mongodb.core.MongoTemplate      : Remove using query: {} in collection: users.
2025-09-03T11:29:48.816+05:30 DEBUG 17344 --- [           main] o.s.data.mongodb.core.MongoTemplate      : Inserting Document containing fields: [username, email, password, roles, active, assignedMembers, _class] in collection: users
2025-09-03T11:29:48.910+05:30 DEBUG 17344 --- [           main] o.s.data.mongodb.core.MongoTemplate      : Inserting Document containing fields: [username, email, password, roles, active, assignedMembers, _class] in collection: users
2025-09-03T11:29:49.028+05:30 DEBUG 17344 --- [           main] o.s.data.mongodb.core.MongoTemplate      : Inserting Document containing fields: [username, email, password, roles, active, assignedMembers, _class] in collection: users
2025-09-03T11:29:49.059+05:30 DEBUG 17344 --- [           main] o.s.security.web.FilterChainProxy        : Securing PUT /api/users/68b7d955af3d03420fbfb8d1/activate
2025-09-03T11:29:49.061+05:30 DEBUG 17344 --- [           main] o.s.data.mongodb.core.MongoTemplate      : findOne using query: { "id" : "68b7d954af3d03420fbfb8cf"} fields: Document{{}} for class: class com.limitbeyond.model.User in collection: users
2025-09-03T11:29:49.088+05:30 DEBUG 17344 --- [           main] o.s.security.web.FilterChainProxy        : Secured PUT /api/users/68b7d955af3d03420fbfb8d1/activate
2025-09-03T11:29:49.088+05:30 DEBUG 17344 --- [           main] s.w.s.m.m.a.RequestMappingHandlerMapping : Mapped to com.limitbeyond.controller.UserController#activateUser(String)
2025-09-03T11:29:49.088+05:30 DEBUG 17344 --- [           main] horizationManagerBeforeMethodInterceptor : Authorizing method invocation ReflectiveMethodInvocation: public org.springframework.http.ResponseEntity com.limitbeyond.controller.UserController.activateUser(java.lang.String); target is of class [com.limitbeyond.controller.UserController]
2025-09-03T11:29:49.089+05:30 DEBUG 17344 --- [           main] horizationManagerBeforeMethodInterceptor : Authorized method invocation ReflectiveMethodInvocation: public org.springframework.http.ResponseEntity com.limitbeyond.controller.UserController.activateUser(java.lang.String); target is of class [com.limitbeyond.controller.UserController]
2025-09-03T11:29:49.089+05:30 DEBUG 17344 --- [           main] o.s.data.mongodb.core.MongoTemplate      : findOne using query: { "id" : "68b7d955af3d03420fbfb8d1"} fields: Document{{}} for class: class com.limitbeyond.model.User in collection: users
2025-09-03T11:29:49.110+05:30 DEBUG 17344 --- [           main] o.s.data.mongodb.core.MongoTemplate      : Saving Document containing fields: [_id, username, email, password, roles, active, assignedMembers, _class]
2025-09-03T11:29:49.159+05:30 DEBUG 17344 --- [           main] o.s.w.s.m.m.a.HttpEntityMethodProcessor  : Using 'text/plain', given [*/*] and supported [text/plain, */*, application/json, application/*+json]
2025-09-03T11:29:49.159+05:30 DEBUG 17344 --- [           main] o.s.w.s.m.m.a.HttpEntityMethodProcessor  : Writing ["User activated successfully"]
2025-09-03T11:29:49.160+05:30 DEBUG 17344 --- [           main] o.s.security.web.FilterChainProxy        : Securing PUT /api/users/68b7d955af3d03420fbfb8d1/activate
2025-09-03T11:29:49.164+05:30 DEBUG 17344 --- [           main] o.s.data.mongodb.core.MongoTemplate      : findOne using query: { "id" : "68b7d954af3d03420fbfb8d0"} fields: Document{{}} for class: class com.limitbeyond.model.User in collection: users
2025-09-03T11:29:49.190+05:30 DEBUG 17344 --- [           main] o.s.security.web.FilterChainProxy        : Secured PUT /api/users/68b7d955af3d03420fbfb8d1/activate
2025-09-03T11:29:49.190+05:30 DEBUG 17344 --- [           main] s.w.s.m.m.a.RequestMappingHandlerMapping : Mapped to com.limitbeyond.controller.UserController#activateUser(String)
2025-09-03T11:29:49.190+05:30 DEBUG 17344 --- [           main] horizationManagerBeforeMethodInterceptor : Authorizing method invocation ReflectiveMethodInvocation: public org.springframework.http.ResponseEntity com.limitbeyond.controller.UserController.activateUser(java.lang.String); target is of class [com.limitbeyond.controller.UserController]
2025-09-03T11:29:49.191+05:30 DEBUG 17344 --- [           main] horizationManagerBeforeMethodInterceptor : Failed to authorize ReflectiveMethodInvocation: public org.springframework.http.ResponseEntity com.limitbeyond.controller.UserController.activateUser(java.lang.String); target is of class [com.limitbeyond.controller.UserController] with authorization manager org.springframework.security.config.annotation.method.configuration.DeferringObservationAuthorizationManager@3b764e66 and decision ExpressionAuthorizationDecision [granted=false, expressionAttribute=hasRole('ADMIN')]
2025-09-03T11:29:49.191+05:30 DEBUG 17344 --- [           main] o.s.s.w.access.AccessDeniedHandlerImpl   : Responding with 403 status code
]]></system-out>
  </testcase>
</testsuite>