<?xml version="1.0" encoding="UTF-8"?>
<testsuite xmlns:xsi="http://www.w3.org/2001/XMLSchema-instance" xsi:noNamespaceSchemaLocation="https://maven.apache.org/surefire/maven-surefire-plugin/xsd/surefire-test-report-3.0.xsd" version="3.0" name="com.limitbeyond.controller.UserControllerTest" time="2.537" tests="4" errors="0" skipped="0" failures="0">
  <properties>
[...]
</properties>
  <testcase name="testGetCurrentUser" classname="com.limitbeyond.controller.UserControllerTest" time="0.461">
    <system-out><![CDATA[2025-09-08T22:13:09.275+05:30  INFO 6804 --- [           main] t.c.s.AnnotationConfigContextLoaderUtils : Could not detect default configuration classes for test class [com.limitbeyond.controller.UserControllerTest]: UserControllerTest does not declare any static, non-private, non-final, nested classes annotated with @Configuration.
2025-09-08T22:13:09.279+05:30  INFO 6804 --- [           main] .b.t.c.SpringBootTestContextBootstrapper : Found @SpringBootConfiguration com.limitbeyond.LimitBeyondApplication for test class com.limitbeyond.controller.UserControllerTest
2025-09-08T22:13:09.288+05:30 DEBUG 6804 --- [           main] o.s.data.mongodb.core.MongoTemplate      : Remove using query: {} in collection: users.
2025-09-08T22:13:09.416+05:30 DEBUG 6804 --- [           main] o.s.data.mongodb.core.MongoTemplate      : Inserting Document containing fields: [username, email, password, roles, active, assignedMembers, weightHistory, _class] in collection: users
2025-09-08T22:13:09.540+05:30 DEBUG 6804 --- [           main] o.s.data.mongodb.core.MongoTemplate      : Inserting Document containing fields: [username, email, password, roles, active, assignedMembers, weightHistory, _class] in collection: users
2025-09-08T22:13:09.607+05:30 DEBUG 6804 --- [           main] o.s.security.web.FilterChainProxy        : Securing GET /api/users/me
2025-09-08T22:13:09.612+05:30 DEBUG 6804 --- [           main] o.s.data.mongodb.core.MongoTemplate      : findOne using query: { "id" : "68bf079dbce6681c6b886407"} fields: Document{{}} for class: class com.limitbeyond.model.User in collection: users
2025-09-08T22:13:09.668+05:30 DEBUG 6804 --- [           main] o.s.security.web.FilterChainProxy        : Secured GET /api/users/me
2025-09-08T22:13:09.668+05:30 DEBUG 6804 --- [           main] s.w.s.m.m.a.RequestMappingHandlerMapping : Mapped to com.limitbeyond.controller.UserController#getCurrentUser()
2025-09-08T22:13:09.670+05:30 DEBUG 6804 --- [           main] o.s.d.m.r.query.MongoQueryCreator        : Created query Query: { "username" : "member"}, Fields: {}, Sort: {}
2025-09-08T22:13:09.670+05:30 DEBUG 6804 --- [           main] o.s.data.mongodb.core.MongoTemplate      : find using query: { "username" : "member"} fields: Document{{}} for class: class com.limitbeyond.model.User in collection: users
2025-09-08T22:13:09.738+05:30 DEBUG 6804 --- [           main] o.s.w.s.m.m.a.HttpEntityMethodProcessor  : Using 'application/json', given [*/*] and supported [application/json, application/*+json]
2025-09-08T22:13:09.739+05:30 DEBUG 6804 --- [           main] o.s.w.s.m.m.a.HttpEntityMethodProcessor  : Writing [com.limitbeyond.model.User@5b0d480c]
]]></system-out>
  </testcase>
  <testcase name="testAssignTrainerToMember" classname="com.limitbeyond.controller.UserControllerTest" time="0.728">
    <system-out><![CDATA[2025-09-08T22:13:09.751+05:30 DEBUG 6804 --- [           main] o.s.data.mongodb.core.MongoTemplate      : Remove using query: {} in collection: users.
2025-09-08T22:13:09.889+05:30 DEBUG 6804 --- [           main] o.s.data.mongodb.core.MongoTemplate      : Inserting Document containing fields: [username, email, password, roles, active, assignedMembers, weightHistory, _class] in collection: users
2025-09-08T22:13:10.017+05:30 DEBUG 6804 --- [           main] o.s.data.mongodb.core.MongoTemplate      : Inserting Document containing fields: [username, email, password, roles, active, assignedMembers, weightHistory, _class] in collection: users
2025-09-08T22:13:10.151+05:30 DEBUG 6804 --- [           main] o.s.data.mongodb.core.MongoTemplate      : Inserting Document containing fields: [username, email, password, roles, active, assignedMembers, weightHistory, _class] in collection: users
2025-09-08T22:13:10.196+05:30 DEBUG 6804 --- [           main] o.s.security.web.FilterChainProxy        : Securing PUT /api/users/member/68bf079ebce6681c6b886409/assign-trainer
2025-09-08T22:13:10.200+05:30 DEBUG 6804 --- [           main] o.s.data.mongodb.core.MongoTemplate      : findOne using query: { "id" : "68bf079dbce6681c6b886408"} fields: Document{{}} for class: class com.limitbeyond.model.User in collection: users
2025-09-08T22:13:10.247+05:30 DEBUG 6804 --- [           main] o.s.security.web.FilterChainProxy        : Secured PUT /api/users/member/68bf079ebce6681c6b886409/assign-trainer
2025-09-08T22:13:10.248+05:30 DEBUG 6804 --- [           main] s.w.s.m.m.a.RequestMappingHandlerMapping : Mapped to com.limitbeyond.controller.UserController#assignTrainerToMember(String, Map)
2025-09-08T22:13:10.252+05:30 DEBUG 6804 --- [           main] m.m.a.RequestResponseBodyMethodProcessor : Read "application/json;charset=UTF-8" to [{trainerId=68bf079ebce6681c6b88640a}]
2025-09-08T22:13:10.252+05:30 DEBUG 6804 --- [           main] horizationManagerBeforeMethodInterceptor : Authorizing method invocation ReflectiveMethodInvocation: public org.springframework.http.ResponseEntity com.limitbeyond.controller.UserController.assignTrainerToMember(java.lang.String,java.util.Map); target is of class [com.limitbeyond.controller.UserController]
2025-09-08T22:13:10.253+05:30 DEBUG 6804 --- [           main] horizationManagerBeforeMethodInterceptor : Authorized method invocation ReflectiveMethodInvocation: public org.springframework.http.ResponseEntity com.limitbeyond.controller.UserController.assignTrainerToMember(java.lang.String,java.util.Map); target is of class [com.limitbeyond.controller.UserController]
2025-09-08T22:13:10.253+05:30 DEBUG 6804 --- [           main] o.s.data.mongodb.core.MongoTemplate      : findOne using query: { "id" : "68bf079ebce6681c6b886409"} fields: Document{{}} for class: class com.limitbeyond.model.User in collection: users
2025-09-08T22:13:10.304+05:30 DEBUG 6804 --- [           main] o.s.data.mongodb.core.MongoTemplate      : findOne using query: { "id" : "68bf079ebce6681c6b88640a"} fields: Document{{}} for class: class com.limitbeyond.model.User in collection: users
2025-09-08T22:13:10.351+05:30 DEBUG 6804 --- [           main] o.s.data.mongodb.core.MongoTemplate      : Saving Document containing fields: [_id, username, email, password, roles, active, assignedTrainer, assignedMembers, weightHistory, _class]
2025-09-08T22:13:10.412+05:30 DEBUG 6804 --- [           main] o.s.data.mongodb.core.MongoTemplate      : Saving Document containing fields: [_id, username, email, password, roles, active, assignedMembers, weightHistory, _class]
2025-09-08T22:13:10.474+05:30 DEBUG 6804 --- [           main] o.s.w.s.m.m.a.HttpEntityMethodProcessor  : Using 'text/plain', given [*/*] and supported [text/plain, */*, application/json, application/*+json]
2025-09-08T22:13:10.474+05:30 DEBUG 6804 --- [           main] o.s.w.s.m.m.a.HttpEntityMethodProcessor  : Writing ["Trainer assigned successfully"]
]]></system-out>
  </testcase>
  <testcase name="testGetAllTrainers" classname="com.limitbeyond.controller.UserControllerTest" time="0.595">
    <system-out><![CDATA[2025-09-08T22:13:10.479+05:30 DEBUG 6804 --- [           main] o.s.data.mongodb.core.MongoTemplate      : Remove using query: {} in collection: users.
2025-09-08T22:13:10.624+05:30 DEBUG 6804 --- [           main] o.s.data.mongodb.core.MongoTemplate      : Inserting Document containing fields: [username, email, password, roles, active, assignedMembers, weightHistory, _class] in collection: users
2025-09-08T22:13:10.787+05:30 DEBUG 6804 --- [           main] o.s.data.mongodb.core.MongoTemplate      : Inserting Document containing fields: [username, email, password, roles, active, assignedMembers, weightHistory, _class] in collection: users
2025-09-08T22:13:10.853+05:30 DEBUG 6804 --- [           main] o.s.security.web.FilterChainProxy        : Securing GET /api/users/trainers
2025-09-08T22:13:10.857+05:30 DEBUG 6804 --- [           main] o.s.data.mongodb.core.MongoTemplate      : findOne using query: { "id" : "68bf079ebce6681c6b88640b"} fields: Document{{}} for class: class com.limitbeyond.model.User in collection: users
2025-09-08T22:13:10.905+05:30 DEBUG 6804 --- [           main] o.s.security.web.FilterChainProxy        : Secured GET /api/users/trainers
2025-09-08T22:13:10.905+05:30 DEBUG 6804 --- [           main] s.w.s.m.m.a.RequestMappingHandlerMapping : Mapped to com.limitbeyond.controller.UserController#getAllTrainers()
2025-09-08T22:13:10.906+05:30 DEBUG 6804 --- [           main] horizationManagerBeforeMethodInterceptor : Authorizing method invocation ReflectiveMethodInvocation: public org.springframework.http.ResponseEntity com.limitbeyond.controller.UserController.getAllTrainers(); target is of class [com.limitbeyond.controller.UserController]
2025-09-08T22:13:10.906+05:30 DEBUG 6804 --- [           main] horizationManagerBeforeMethodInterceptor : Authorized method invocation ReflectiveMethodInvocation: public org.springframework.http.ResponseEntity com.limitbeyond.controller.UserController.getAllTrainers(); target is of class [com.limitbeyond.controller.UserController]
2025-09-08T22:13:10.909+05:30 DEBUG 6804 --- [           main] o.s.d.m.r.query.MongoQueryCreator        : Created query Query: { "roles" : { "$in" : [ { "$java" : TRAINER } ] } }, Fields: {}, Sort: {}
2025-09-08T22:13:10.944+05:30 DEBUG 6804 --- [           main] o.s.data.mongodb.core.MongoTemplate      : find using query: { "roles" : { "$in" : ["TRAINER"]}} fields: Document{{}} for class: class com.limitbeyond.model.User in collection: users
2025-09-08T22:13:11.004+05:30 DEBUG 6804 --- [           main] o.s.w.s.m.m.a.HttpEntityMethodProcessor  : Using 'application/json', given [*/*] and supported [application/json, application/*+json]
2025-09-08T22:13:11.005+05:30 DEBUG 6804 --- [           main] o.s.w.s.m.m.a.HttpEntityMethodProcessor  : Writing [[]]
2025-09-08T22:13:11.008+05:30 DEBUG 6804 --- [           main] o.s.security.web.FilterChainProxy        : Securing GET /api/users/trainers
2025-09-08T22:13:11.013+05:30 DEBUG 6804 --- [           main] o.s.data.mongodb.core.MongoTemplate      : findOne using query: { "id" : "68bf079ebce6681c6b88640c"} fields: Document{{}} for class: class com.limitbeyond.model.User in collection: users
2025-09-08T22:13:11.065+05:30 DEBUG 6804 --- [           main] o.s.security.web.FilterChainProxy        : Secured GET /api/users/trainers
2025-09-08T22:13:11.066+05:30 DEBUG 6804 --- [           main] s.w.s.m.m.a.RequestMappingHandlerMapping : Mapped to com.limitbeyond.controller.UserController#getAllTrainers()
2025-09-08T22:13:11.066+05:30 DEBUG 6804 --- [           main] horizationManagerBeforeMethodInterceptor : Authorizing method invocation ReflectiveMethodInvocation: public org.springframework.http.ResponseEntity com.limitbeyond.controller.UserController.getAllTrainers(); target is of class [com.limitbeyond.controller.UserController]
2025-09-08T22:13:11.067+05:30 DEBUG 6804 --- [           main] horizationManagerBeforeMethodInterceptor : Failed to authorize ReflectiveMethodInvocation: public org.springframework.http.ResponseEntity com.limitbeyond.controller.UserController.getAllTrainers(); target is of class [com.limitbeyond.controller.UserController] with authorization manager org.springframework.security.config.annotation.method.configuration.DeferringObservationAuthorizationManager@38834000 and decision ExpressionAuthorizationDecision [granted=false, expressionAttribute=hasRole('ADMIN')]
2025-09-08T22:13:11.067+05:30 DEBUG 6804 --- [           main] o.s.s.w.access.AccessDeniedHandlerImpl   : Responding with 403 status code
]]></system-out>
  </testcase>
  <testcase name="testActivateUser" classname="com.limitbeyond.controller.UserControllerTest" time="0.735">
    <system-out><![CDATA[2025-09-08T22:13:11.077+05:30 DEBUG 6804 --- [           main] o.s.data.mongodb.core.MongoTemplate      : Remove using query: {} in collection: users.
2025-09-08T22:13:11.214+05:30 DEBUG 6804 --- [           main] o.s.data.mongodb.core.MongoTemplate      : Inserting Document containing fields: [username, email, password, roles, active, assignedMembers, weightHistory, _class] in collection: users
2025-09-08T22:13:11.372+05:30 DEBUG 6804 --- [           main] o.s.data.mongodb.core.MongoTemplate      : Inserting Document containing fields: [username, email, password, roles, active, assignedMembers, weightHistory, _class] in collection: users
2025-09-08T22:13:11.519+05:30 DEBUG 6804 --- [           main] o.s.data.mongodb.core.MongoTemplate      : Inserting Document containing fields: [username, email, password, roles, active, assignedMembers, weightHistory, _class] in collection: users
2025-09-08T22:13:11.577+05:30 DEBUG 6804 --- [           main] o.s.security.web.FilterChainProxy        : Securing PUT /api/users/68bf079fbce6681c6b88640f/activate
2025-09-08T22:13:11.583+05:30 DEBUG 6804 --- [           main] o.s.data.mongodb.core.MongoTemplate      : findOne using query: { "id" : "68bf079fbce6681c6b88640d"} fields: Document{{}} for class: class com.limitbeyond.model.User in collection: users
2025-09-08T22:13:11.632+05:30 DEBUG 6804 --- [           main] o.s.security.web.FilterChainProxy        : Secured PUT /api/users/68bf079fbce6681c6b88640f/activate
2025-09-08T22:13:11.632+05:30 DEBUG 6804 --- [           main] s.w.s.m.m.a.RequestMappingHandlerMapping : Mapped to com.limitbeyond.controller.UserController#activateUser(String)
2025-09-08T22:13:11.633+05:30 DEBUG 6804 --- [           main] horizationManagerBeforeMethodInterceptor : Authorizing method invocation ReflectiveMethodInvocation: public org.springframework.http.ResponseEntity com.limitbeyond.controller.UserController.activateUser(java.lang.String); target is of class [com.limitbeyond.controller.UserController]
2025-09-08T22:13:11.633+05:30 DEBUG 6804 --- [           main] horizationManagerBeforeMethodInterceptor : Authorized method invocation ReflectiveMethodInvocation: public org.springframework.http.ResponseEntity com.limitbeyond.controller.UserController.activateUser(java.lang.String); target is of class [com.limitbeyond.controller.UserController]
2025-09-08T22:13:11.633+05:30 DEBUG 6804 --- [           main] o.s.data.mongodb.core.MongoTemplate      : findOne using query: { "id" : "68bf079fbce6681c6b88640f"} fields: Document{{}} for class: class com.limitbeyond.model.User in collection: users
2025-09-08T22:13:11.684+05:30 DEBUG 6804 --- [           main] o.s.data.mongodb.core.MongoTemplate      : Saving Document containing fields: [_id, username, email, password, roles, active, assignedMembers, weightHistory, _class]
2025-09-08T22:13:11.738+05:30 DEBUG 6804 --- [           main] o.s.w.s.m.m.a.HttpEntityMethodProcessor  : Using 'text/plain', given [*/*] and supported [text/plain, */*, application/json, application/*+json]
2025-09-08T22:13:11.738+05:30 DEBUG 6804 --- [           main] o.s.w.s.m.m.a.HttpEntityMethodProcessor  : Writing ["User activated successfully"]
2025-09-08T22:13:11.740+05:30 DEBUG 6804 --- [           main] o.s.security.web.FilterChainProxy        : Securing PUT /api/users/68bf079fbce6681c6b88640f/activate
2025-09-08T22:13:11.748+05:30 DEBUG 6804 --- [           main] o.s.data.mongodb.core.MongoTemplate      : findOne using query: { "id" : "68bf079fbce6681c6b88640e"} fields: Document{{}} for class: class com.limitbeyond.model.User in collection: users
2025-09-08T22:13:11.799+05:30 DEBUG 6804 --- [           main] o.s.security.web.FilterChainProxy        : Secured PUT /api/users/68bf079fbce6681c6b88640f/activate
2025-09-08T22:13:11.800+05:30 DEBUG 6804 --- [           main] s.w.s.m.m.a.RequestMappingHandlerMapping : Mapped to com.limitbeyond.controller.UserController#activateUser(String)
2025-09-08T22:13:11.801+05:30 DEBUG 6804 --- [           main] horizationManagerBeforeMethodInterceptor : Authorizing method invocation ReflectiveMethodInvocation: public org.springframework.http.ResponseEntity com.limitbeyond.controller.UserController.activateUser(java.lang.String); target is of class [com.limitbeyond.controller.UserController]
2025-09-08T22:13:11.801+05:30 DEBUG 6804 --- [           main] horizationManagerBeforeMethodInterceptor : Failed to authorize ReflectiveMethodInvocation: public org.springframework.http.ResponseEntity com.limitbeyond.controller.UserController.activateUser(java.lang.String); target is of class [com.limitbeyond.controller.UserController] with authorization manager org.springframework.security.config.annotation.method.configuration.DeferringObservationAuthorizationManager@38834000 and decision ExpressionAuthorizationDecision [granted=false, expressionAttribute=hasRole('ADMIN')]
2025-09-08T22:13:11.803+05:30 DEBUG 6804 --- [           main] o.s.s.w.access.AccessDeniedHandlerImpl   : Responding with 403 status code
]]></system-out>
  </testcase>
</testsuite>