<?xml version="1.0" encoding="UTF-8"?>
<testsuite xmlns:xsi="http://www.w3.org/2001/XMLSchema-instance" xsi:noNamespaceSchemaLocation="https://maven.apache.org/surefire/maven-surefire-plugin/xsd/surefire-test-report-3.0.xsd" version="3.0" name="com.limitbeyond.controller.FeedbackControllerTest" time="2.017" tests="3" errors="0" skipped="0" failures="0">
  <properties>
[...]
</properties>
  <testcase name="testRespondToFeedback" classname="com.limitbeyond.controller.FeedbackControllerTest" time="0.686">
    <system-out><![CDATA[2025-09-08T22:13:07.256+05:30  INFO 6804 --- [           main] t.c.s.AnnotationConfigContextLoaderUtils : Could not detect default configuration classes for test class [com.limitbeyond.controller.FeedbackControllerTest]: FeedbackControllerTest does not declare any static, non-private, non-final, nested classes annotated with @Configuration.
2025-09-08T22:13:07.260+05:30  INFO 6804 --- [           main] .b.t.c.SpringBootTestContextBootstrapper : Found @SpringBootConfiguration com.limitbeyond.LimitBeyondApplication for test class com.limitbeyond.controller.FeedbackControllerTest
2025-09-08T22:13:07.268+05:30 DEBUG 6804 --- [           main] o.s.data.mongodb.core.MongoTemplate      : Remove using query: {} in collection: users.
2025-09-08T22:13:07.321+05:30 DEBUG 6804 --- [           main] o.s.data.mongodb.core.MongoTemplate      : Remove using query: {} in collection: feedback.
2025-09-08T22:13:07.459+05:30 DEBUG 6804 --- [           main] o.s.data.mongodb.core.MongoTemplate      : Inserting Document containing fields: [username, email, password, roles, active, assignedMembers, weightHistory, _class] in collection: users
2025-09-08T22:13:07.597+05:30 DEBUG 6804 --- [           main] o.s.data.mongodb.core.MongoTemplate      : Inserting Document containing fields: [username, email, password, roles, active, assignedMembers, weightHistory, _class] in collection: users
2025-09-08T22:13:07.650+05:30 DEBUG 6804 --- [           main] o.s.data.mongodb.core.MongoTemplate      : Inserting Document containing fields: [memberId, title, content, createdAt, responses, _class] in collection: feedback
2025-09-08T22:13:07.708+05:30 DEBUG 6804 --- [           main] o.s.security.web.FilterChainProxy        : Securing POST /api/feedback/68bf079bbce6681c6b8863ff/respond
2025-09-08T22:13:07.713+05:30 DEBUG 6804 --- [           main] o.s.data.mongodb.core.MongoTemplate      : findOne using query: { "id" : "68bf079bbce6681c6b8863fe"} fields: Document{{}} for class: class com.limitbeyond.model.User in collection: users
2025-09-08T22:13:07.753+05:30 DEBUG 6804 --- [           main] o.s.security.web.FilterChainProxy        : Secured POST /api/feedback/68bf079bbce6681c6b8863ff/respond
2025-09-08T22:13:07.754+05:30 DEBUG 6804 --- [           main] s.w.s.m.m.a.RequestMappingHandlerMapping : Mapped to com.limitbeyond.controller.FeedbackController#respondToFeedback(String, ResponseRequest)
2025-09-08T22:13:07.756+05:30 DEBUG 6804 --- [           main] m.m.a.RequestResponseBodyMethodProcessor : Read "application/json;charset=UTF-8" to [com.limitbeyond.controller.FeedbackController$ResponseRequest@8d52313]
2025-09-08T22:13:07.756+05:30 DEBUG 6804 --- [           main] horizationManagerBeforeMethodInterceptor : Authorizing method invocation ReflectiveMethodInvocation: public org.springframework.http.ResponseEntity com.limitbeyond.controller.FeedbackController.respondToFeedback(java.lang.String,com.limitbeyond.controller.FeedbackController$ResponseRequest); target is of class [com.limitbeyond.controller.FeedbackController]
2025-09-08T22:13:07.758+05:30 DEBUG 6804 --- [           main] horizationManagerBeforeMethodInterceptor : Authorized method invocation ReflectiveMethodInvocation: public org.springframework.http.ResponseEntity com.limitbeyond.controller.FeedbackController.respondToFeedback(java.lang.String,com.limitbeyond.controller.FeedbackController$ResponseRequest); target is of class [com.limitbeyond.controller.FeedbackController]
2025-09-08T22:13:07.758+05:30 DEBUG 6804 --- [           main] o.s.d.m.r.query.MongoQueryCreator        : Created query Query: { "username" : "trainer"}, Fields: {}, Sort: {}
2025-09-08T22:13:07.759+05:30 DEBUG 6804 --- [           main] o.s.data.mongodb.core.MongoTemplate      : find using query: { "username" : "trainer"} fields: Document{{}} for class: class com.limitbeyond.model.User in collection: users
2025-09-08T22:13:07.806+05:30 DEBUG 6804 --- [           main] o.s.data.mongodb.core.MongoTemplate      : findOne using query: { "id" : "68bf079bbce6681c6b8863ff"} fields: Document{{}} for class: class com.limitbeyond.model.Feedback in collection: feedback
2025-09-08T22:13:07.848+05:30 DEBUG 6804 --- [           main] o.s.data.mongodb.core.MongoTemplate      : Saving Document containing fields: [_id, memberId, title, content, createdAt, responses, _class]
2025-09-08T22:13:07.892+05:30 DEBUG 6804 --- [           main] o.s.w.s.m.m.a.HttpEntityMethodProcessor  : Using 'text/plain', given [*/*] and supported [text/plain, */*, application/json, application/*+json]
2025-09-08T22:13:07.892+05:30 DEBUG 6804 --- [           main] o.s.w.s.m.m.a.HttpEntityMethodProcessor  : Writing ["Response added successfully"]
2025-09-08T22:13:07.895+05:30 DEBUG 6804 --- [           main] o.s.security.web.FilterChainProxy        : Securing POST /api/feedback/68bf079bbce6681c6b8863ff/respond
2025-09-08T22:13:07.903+05:30 DEBUG 6804 --- [           main] o.s.data.mongodb.core.MongoTemplate      : findOne using query: { "id" : "68bf079bbce6681c6b8863fd"} fields: Document{{}} for class: class com.limitbeyond.model.User in collection: users
2025-09-08T22:13:07.945+05:30 DEBUG 6804 --- [           main] o.s.security.web.FilterChainProxy        : Secured POST /api/feedback/68bf079bbce6681c6b8863ff/respond
2025-09-08T22:13:07.946+05:30 DEBUG 6804 --- [           main] s.w.s.m.m.a.RequestMappingHandlerMapping : Mapped to com.limitbeyond.controller.FeedbackController#respondToFeedback(String, ResponseRequest)
2025-09-08T22:13:07.946+05:30 DEBUG 6804 --- [           main] m.m.a.RequestResponseBodyMethodProcessor : Read "application/json;charset=UTF-8" to [com.limitbeyond.controller.FeedbackController$ResponseRequest@346a2799]
2025-09-08T22:13:07.948+05:30 DEBUG 6804 --- [           main] horizationManagerBeforeMethodInterceptor : Authorizing method invocation ReflectiveMethodInvocation: public org.springframework.http.ResponseEntity com.limitbeyond.controller.FeedbackController.respondToFeedback(java.lang.String,com.limitbeyond.controller.FeedbackController$ResponseRequest); target is of class [com.limitbeyond.controller.FeedbackController]
2025-09-08T22:13:07.948+05:30 DEBUG 6804 --- [           main] horizationManagerBeforeMethodInterceptor : Failed to authorize ReflectiveMethodInvocation: public org.springframework.http.ResponseEntity com.limitbeyond.controller.FeedbackController.respondToFeedback(java.lang.String,com.limitbeyond.controller.FeedbackController$ResponseRequest); target is of class [com.limitbeyond.controller.FeedbackController] with authorization manager org.springframework.security.config.annotation.method.configuration.DeferringObservationAuthorizationManager@38834000 and decision ExpressionAuthorizationDecision [granted=false, expressionAttribute=hasAnyRole('ADMIN', 'TRAINER')]
2025-09-08T22:13:07.949+05:30 DEBUG 6804 --- [           main] o.s.s.w.access.AccessDeniedHandlerImpl   : Responding with 403 status code
]]></system-out>
  </testcase>
  <testcase name="testCreateFeedback" classname="com.limitbeyond.controller.FeedbackControllerTest" time="0.572">
    <system-out><![CDATA[2025-09-08T22:13:07.956+05:30 DEBUG 6804 --- [           main] o.s.data.mongodb.core.MongoTemplate      : Remove using query: {} in collection: users.
2025-09-08T22:13:08.009+05:30 DEBUG 6804 --- [           main] o.s.data.mongodb.core.MongoTemplate      : Remove using query: {} in collection: feedback.
2025-09-08T22:13:08.139+05:30 DEBUG 6804 --- [           main] o.s.data.mongodb.core.MongoTemplate      : Inserting Document containing fields: [username, email, password, roles, active, assignedMembers, weightHistory, _class] in collection: users
2025-09-08T22:13:08.269+05:30 DEBUG 6804 --- [           main] o.s.data.mongodb.core.MongoTemplate      : Inserting Document containing fields: [username, email, password, roles, active, assignedMembers, weightHistory, _class] in collection: users
2025-09-08T22:13:08.309+05:30 DEBUG 6804 --- [           main] o.s.security.web.FilterChainProxy        : Securing POST /api/feedback
2025-09-08T22:13:08.315+05:30 DEBUG 6804 --- [           main] o.s.data.mongodb.core.MongoTemplate      : findOne using query: { "id" : "68bf079cbce6681c6b886400"} fields: Document{{}} for class: class com.limitbeyond.model.User in collection: users
2025-09-08T22:13:08.359+05:30 DEBUG 6804 --- [           main] o.s.security.web.FilterChainProxy        : Secured POST /api/feedback
2025-09-08T22:13:08.360+05:30 DEBUG 6804 --- [           main] s.w.s.m.m.a.RequestMappingHandlerMapping : Mapped to com.limitbeyond.controller.FeedbackController#createFeedback(FeedbackRequest)
2025-09-08T22:13:08.361+05:30 DEBUG 6804 --- [           main] m.m.a.RequestResponseBodyMethodProcessor : Read "application/json;charset=UTF-8" to [com.limitbeyond.controller.FeedbackController$FeedbackRequest@50841932]
2025-09-08T22:13:08.362+05:30 DEBUG 6804 --- [           main] horizationManagerBeforeMethodInterceptor : Authorizing method invocation ReflectiveMethodInvocation: public org.springframework.http.ResponseEntity com.limitbeyond.controller.FeedbackController.createFeedback(com.limitbeyond.controller.FeedbackController$FeedbackRequest); target is of class [com.limitbeyond.controller.FeedbackController]
2025-09-08T22:13:08.362+05:30 DEBUG 6804 --- [           main] horizationManagerBeforeMethodInterceptor : Authorized method invocation ReflectiveMethodInvocation: public org.springframework.http.ResponseEntity com.limitbeyond.controller.FeedbackController.createFeedback(com.limitbeyond.controller.FeedbackController$FeedbackRequest); target is of class [com.limitbeyond.controller.FeedbackController]
2025-09-08T22:13:08.362+05:30 DEBUG 6804 --- [           main] o.s.d.m.r.query.MongoQueryCreator        : Created query Query: { "username" : "member"}, Fields: {}, Sort: {}
2025-09-08T22:13:08.363+05:30 DEBUG 6804 --- [           main] o.s.data.mongodb.core.MongoTemplate      : find using query: { "username" : "member"} fields: Document{{}} for class: class com.limitbeyond.model.User in collection: users
2025-09-08T22:13:08.407+05:30 DEBUG 6804 --- [           main] o.s.data.mongodb.core.MongoTemplate      : Inserting Document containing fields: [memberId, title, content, createdAt, responses, _class] in collection: feedback
2025-09-08T22:13:08.461+05:30 DEBUG 6804 --- [           main] o.s.w.s.m.m.a.HttpEntityMethodProcessor  : Using 'text/plain', given [*/*] and supported [text/plain, */*, application/json, application/*+json]
2025-09-08T22:13:08.462+05:30 DEBUG 6804 --- [           main] o.s.w.s.m.m.a.HttpEntityMethodProcessor  : Writing ["Feedback submitted successfully"]
2025-09-08T22:13:08.464+05:30 DEBUG 6804 --- [           main] o.s.security.web.FilterChainProxy        : Securing POST /api/feedback
2025-09-08T22:13:08.470+05:30 DEBUG 6804 --- [           main] o.s.data.mongodb.core.MongoTemplate      : findOne using query: { "id" : "68bf079cbce6681c6b886401"} fields: Document{{}} for class: class com.limitbeyond.model.User in collection: users
2025-09-08T22:13:08.521+05:30 DEBUG 6804 --- [           main] o.s.security.web.FilterChainProxy        : Secured POST /api/feedback
2025-09-08T22:13:08.521+05:30 DEBUG 6804 --- [           main] s.w.s.m.m.a.RequestMappingHandlerMapping : Mapped to com.limitbeyond.controller.FeedbackController#createFeedback(FeedbackRequest)
2025-09-08T22:13:08.522+05:30 DEBUG 6804 --- [           main] m.m.a.RequestResponseBodyMethodProcessor : Read "application/json;charset=UTF-8" to [com.limitbeyond.controller.FeedbackController$FeedbackRequest@3b95fce9]
2025-09-08T22:13:08.522+05:30 DEBUG 6804 --- [           main] horizationManagerBeforeMethodInterceptor : Authorizing method invocation ReflectiveMethodInvocation: public org.springframework.http.ResponseEntity com.limitbeyond.controller.FeedbackController.createFeedback(com.limitbeyond.controller.FeedbackController$FeedbackRequest); target is of class [com.limitbeyond.controller.FeedbackController]
2025-09-08T22:13:08.522+05:30 DEBUG 6804 --- [           main] horizationManagerBeforeMethodInterceptor : Failed to authorize ReflectiveMethodInvocation: public org.springframework.http.ResponseEntity com.limitbeyond.controller.FeedbackController.createFeedback(com.limitbeyond.controller.FeedbackController$FeedbackRequest); target is of class [com.limitbeyond.controller.FeedbackController] with authorization manager org.springframework.security.config.annotation.method.configuration.DeferringObservationAuthorizationManager@38834000 and decision ExpressionAuthorizationDecision [granted=false, expressionAttribute=hasRole('MEMBER')]
2025-09-08T22:13:08.523+05:30 DEBUG 6804 --- [           main] o.s.s.w.access.AccessDeniedHandlerImpl   : Responding with 403 status code
]]></system-out>
  </testcase>
  <testcase name="testGetFeedback" classname="com.limitbeyond.controller.FeedbackControllerTest" time="0.744">
    <system-out><![CDATA[2025-09-08T22:13:08.529+05:30 DEBUG 6804 --- [           main] o.s.data.mongodb.core.MongoTemplate      : Remove using query: {} in collection: users.
2025-09-08T22:13:08.588+05:30 DEBUG 6804 --- [           main] o.s.data.mongodb.core.MongoTemplate      : Remove using query: {} in collection: feedback.
2025-09-08T22:13:08.714+05:30 DEBUG 6804 --- [           main] o.s.data.mongodb.core.MongoTemplate      : Inserting Document containing fields: [username, email, password, roles, active, assignedMembers, weightHistory, _class] in collection: users
2025-09-08T22:13:08.851+05:30 DEBUG 6804 --- [           main] o.s.data.mongodb.core.MongoTemplate      : Inserting Document containing fields: [username, email, password, roles, active, assignedMembers, weightHistory, _class] in collection: users
2025-09-08T22:13:08.906+05:30 DEBUG 6804 --- [           main] o.s.data.mongodb.core.MongoTemplate      : Inserting Document containing fields: [memberId, title, content, createdAt, responses, _class] in collection: feedback
2025-09-08T22:13:08.967+05:30 DEBUG 6804 --- [           main] o.s.security.web.FilterChainProxy        : Securing GET /api/feedback
2025-09-08T22:13:08.971+05:30 DEBUG 6804 --- [           main] o.s.data.mongodb.core.MongoTemplate      : findOne using query: { "id" : "68bf079cbce6681c6b886403"} fields: Document{{}} for class: class com.limitbeyond.model.User in collection: users
2025-09-08T22:13:09.031+05:30 DEBUG 6804 --- [           main] o.s.security.web.FilterChainProxy        : Secured GET /api/feedback
2025-09-08T22:13:09.032+05:30 DEBUG 6804 --- [           main] s.w.s.m.m.a.RequestMappingHandlerMapping : Mapped to com.limitbeyond.controller.FeedbackController#getFeedback()
2025-09-08T22:13:09.033+05:30 DEBUG 6804 --- [           main] horizationManagerBeforeMethodInterceptor : Authorizing method invocation ReflectiveMethodInvocation: public org.springframework.http.ResponseEntity com.limitbeyond.controller.FeedbackController.getFeedback(); target is of class [com.limitbeyond.controller.FeedbackController]
2025-09-08T22:13:09.034+05:30 DEBUG 6804 --- [           main] horizationManagerBeforeMethodInterceptor : Authorized method invocation ReflectiveMethodInvocation: public org.springframework.http.ResponseEntity com.limitbeyond.controller.FeedbackController.getFeedback(); target is of class [com.limitbeyond.controller.FeedbackController]
2025-09-08T22:13:09.034+05:30 DEBUG 6804 --- [           main] o.s.d.m.r.query.MongoQueryCreator        : Created query Query: { "username" : "member"}, Fields: {}, Sort: {}
2025-09-08T22:13:09.034+05:30 DEBUG 6804 --- [           main] o.s.data.mongodb.core.MongoTemplate      : find using query: { "username" : "member"} fields: Document{{}} for class: class com.limitbeyond.model.User in collection: users
2025-09-08T22:13:09.083+05:30 DEBUG 6804 --- [           main] o.s.d.m.r.query.MongoQueryCreator        : Created query Query: { "memberId" : "68bf079cbce6681c6b886403"}, Fields: {}, Sort: { "createdAt" : -1}
2025-09-08T22:13:09.084+05:30 DEBUG 6804 --- [           main] o.s.data.mongodb.core.MongoTemplate      : find using query: { "memberId" : "68bf079cbce6681c6b886403"} fields: Document{{}} for class: class com.limitbeyond.model.Feedback in collection: feedback
2025-09-08T22:13:09.133+05:30 DEBUG 6804 --- [           main] o.s.w.s.m.m.a.HttpEntityMethodProcessor  : Using 'application/json', given [*/*] and supported [application/json, application/*+json]
2025-09-08T22:13:09.133+05:30 DEBUG 6804 --- [           main] o.s.w.s.m.m.a.HttpEntityMethodProcessor  : Writing [[com.limitbeyond.model.Feedback@7f6a6d46]]
2025-09-08T22:13:09.136+05:30 DEBUG 6804 --- [           main] o.s.security.web.FilterChainProxy        : Securing GET /api/feedback
2025-09-08T22:13:09.141+05:30 DEBUG 6804 --- [           main] o.s.data.mongodb.core.MongoTemplate      : findOne using query: { "id" : "68bf079cbce6681c6b886404"} fields: Document{{}} for class: class com.limitbeyond.model.User in collection: users
2025-09-08T22:13:09.183+05:30 DEBUG 6804 --- [           main] o.s.security.web.FilterChainProxy        : Secured GET /api/feedback
2025-09-08T22:13:09.183+05:30 DEBUG 6804 --- [           main] s.w.s.m.m.a.RequestMappingHandlerMapping : Mapped to com.limitbeyond.controller.FeedbackController#getFeedback()
2025-09-08T22:13:09.184+05:30 DEBUG 6804 --- [           main] horizationManagerBeforeMethodInterceptor : Authorizing method invocation ReflectiveMethodInvocation: public org.springframework.http.ResponseEntity com.limitbeyond.controller.FeedbackController.getFeedback(); target is of class [com.limitbeyond.controller.FeedbackController]
2025-09-08T22:13:09.184+05:30 DEBUG 6804 --- [           main] horizationManagerBeforeMethodInterceptor : Authorized method invocation ReflectiveMethodInvocation: public org.springframework.http.ResponseEntity com.limitbeyond.controller.FeedbackController.getFeedback(); target is of class [com.limitbeyond.controller.FeedbackController]
2025-09-08T22:13:09.184+05:30 DEBUG 6804 --- [           main] o.s.d.m.r.query.MongoQueryCreator        : Created query Query: { "username" : "trainer"}, Fields: {}, Sort: {}
2025-09-08T22:13:09.185+05:30 DEBUG 6804 --- [           main] o.s.data.mongodb.core.MongoTemplate      : find using query: { "username" : "trainer"} fields: Document{{}} for class: class com.limitbeyond.model.User in collection: users
2025-09-08T22:13:09.226+05:30 DEBUG 6804 --- [           main] o.s.data.mongodb.core.MongoTemplate      : find using query: {} fields: Document{{}} for class: class com.limitbeyond.model.Feedback in collection: feedback
2025-09-08T22:13:09.268+05:30 DEBUG 6804 --- [           main] o.s.w.s.m.m.a.HttpEntityMethodProcessor  : Using 'application/json', given [*/*] and supported [application/json, application/*+json]
2025-09-08T22:13:09.268+05:30 DEBUG 6804 --- [           main] o.s.w.s.m.m.a.HttpEntityMethodProcessor  : Writing [[com.limitbeyond.model.Feedback@3113595e]]
]]></system-out>
  </testcase>
</testsuite>