<?xml version="1.0" encoding="UTF-8"?>
<testsuite xmlns:xsi="http://www.w3.org/2001/XMLSchema-instance" xsi:noNamespaceSchemaLocation="https://maven.apache.org/surefire/maven-surefire-plugin/xsd/surefire-test-report-3.0.xsd" version="3.0" name="com.limitbeyond.controller.AuthControllerTest" time="8.515" tests="2" errors="0" skipped="0" failures="0">
  <properties>
[...]
</properties>
  <testcase name="testSignin" classname="com.limitbeyond.controller.AuthControllerTest" time="1.797">
    <system-out><![CDATA[11:29:35.637 [main] INFO org.springframework.test.context.support.AnnotationConfigContextLoaderUtils -- Could not detect default configuration classes for test class [com.limitbeyond.controller.AuthControllerTest]: AuthControllerTest does not declare any static, non-private, non-final, nested classes annotated with @Configuration.
11:29:35.800 [main] INFO org.springframework.boot.test.context.SpringBootTestContextBootstrapper -- Found @SpringBootConfiguration com.limitbeyond.LimitBeyondApplication for test class com.limitbeyond.controller.AuthControllerTest

  .   ____          _            __ _ _
 /\\ / ___'_ __ _ _(_)_ __  __ _ \ \ \ \
( ( )\___ | '_ | '_| | '_ \/ _` | \ \ \ \
 \\/  ___)| |_)| | | | | || (_| |  ) ) ) )
  '  |____| .__|_| |_|_| |_\__, | / / / /
 =========|_|==============|___/=/_/_/_/
 :: Spring Boot ::                (v3.2.3)

2025-09-03T11:29:36.313+05:30  INFO 17344 --- [           main] c.l.controller.AuthControllerTest        : Starting AuthControllerTest using Java 23.0.1 with PID 17344 (started by user in C:\Users\user\Desktop\limitbeyond2.0\backend)
2025-09-03T11:29:36.315+05:30 DEBUG 17344 --- [           main] c.l.controller.AuthControllerTest        : Running with Spring Boot v3.2.3, Spring v6.1.4
2025-09-03T11:29:36.316+05:30  INFO 17344 --- [           main] c.l.controller.AuthControllerTest        : No active profile set, falling back to 1 default profile: "default"
2025-09-03T11:29:36.342+05:30 DEBUG 17344 --- [           main] o.s.w.c.s.GenericWebApplicationContext   : Refreshing org.springframework.web.context.support.GenericWebApplicationContext@44ea608c
2025-09-03T11:29:36.984+05:30  INFO 17344 --- [           main] .s.d.r.c.RepositoryConfigurationDelegate : Bootstrapping Spring Data MongoDB repositories in DEFAULT mode.
2025-09-03T11:29:37.050+05:30  INFO 17344 --- [           main] .s.d.r.c.RepositoryConfigurationDelegate : Finished Spring Data repository scanning in 62 ms. Found 9 MongoDB repository interfaces.
2025-09-03T11:29:38.291+05:30  INFO 17344 --- [           main] org.mongodb.driver.client                : MongoClient with metadata {"application": {"name": "Cluster0"}, "driver": {"name": "mongo-java-driver|sync|spring-boot", "version": "4.11.1"}, "os": {"type": "Windows", "name": "Windows 11", "architecture": "amd64", "version": "10.0"}, "platform": "Java/Oracle Corporation/23.0.1+11-39"} created with settings MongoClientSettings{readPreference=primary, writeConcern=WriteConcern{w=majority, wTimeout=null ms, journal=null}, retryWrites=true, retryReads=true, readConcern=ReadConcern{level=null}, credential=MongoCredential{mechanism=null, userName='bibek', source='admin', password=<hidden>, mechanismProperties=<hidden>}, transportSettings=null, streamFactoryFactory=null, commandListeners=[], codecRegistry=ProvidersCodecRegistry{codecProviders=[ValueCodecProvider{}, BsonValueCodecProvider{}, DBRefCodecProvider{}, DBObjectCodecProvider{}, DocumentCodecProvider{}, CollectionCodecProvider{}, IterableCodecProvider{}, MapCodecProvider{}, GeoJsonCodecProvider{}, GridFSFileCodecProvider{}, Jsr310CodecProvider{}, JsonObjectCodecProvider{}, BsonCodecProvider{}, EnumCodecProvider{}, com.mongodb.client.model.mql.ExpressionCodecProvider@44286963, com.mongodb.Jep395RecordCodecProvider@c8f97a7, com.mongodb.KotlinCodecProvider@2b736fee]}, loggerSettings=LoggerSettings{maxDocumentLength=1000}, clusterSettings={hosts=[127.0.0.1:27017], srvHost=cluster0.gaaho0t.mongodb.net, srvServiceName=mongodb, mode=MULTIPLE, requiredClusterType=REPLICA_SET, requiredReplicaSetName='atlas-w7svai-shard-0', serverSelector='null', clusterListeners='[]', serverSelectionTimeout='30000 ms', localThreshold='15 ms'}, socketSettings=SocketSettings{connectTimeoutMS=10000, readTimeoutMS=0, receiveBufferSize=0, proxySettings=ProxySettings{host=null, port=null, username=null, password=null}}, heartbeatSocketSettings=SocketSettings{connectTimeoutMS=10000, readTimeoutMS=10000, receiveBufferSize=0, proxySettings=ProxySettings{host=null, port=null, username=null, password=null}}, connectionPoolSettings=ConnectionPoolSettings{maxSize=100, minSize=0, maxWaitTimeMS=120000, maxConnectionLifeTimeMS=0, maxConnectionIdleTimeMS=0, maintenanceInitialDelayMS=0, maintenanceFrequencyMS=60000, connectionPoolListeners=[], maxConnecting=2}, serverSettings=ServerSettings{heartbeatFrequencyMS=10000, minHeartbeatFrequencyMS=500, serverListeners='[]', serverMonitorListeners='[]'}, sslSettings=SslSettings{enabled=true, invalidHostNameAllowed=false, context=null}, applicationName='Cluster0', compressorList=[], uuidRepresentation=JAVA_LEGACY, serverApi=null, autoEncryptionSettings=null, dnsClient=null, inetAddressResolver=null, contextProvider=null}
2025-09-03T11:29:38.382+05:30  INFO 17344 --- [o0t.mongodb.net] org.mongodb.driver.cluster               : Adding discovered server ac-wlervqs-shard-00-00.gaaho0t.mongodb.net:27017 to client view of cluster
2025-09-03T11:29:38.483+05:30  INFO 17344 --- [o0t.mongodb.net] org.mongodb.driver.cluster               : Adding discovered server ac-wlervqs-shard-00-02.gaaho0t.mongodb.net:27017 to client view of cluster
2025-09-03T11:29:38.489+05:30  INFO 17344 --- [o0t.mongodb.net] org.mongodb.driver.cluster               : Adding discovered server ac-wlervqs-shard-00-01.gaaho0t.mongodb.net:27017 to client view of cluster
2025-09-03T11:29:38.881+05:30 DEBUG 17344 --- [           main] .m.c.i.MongoPersistentEntityIndexCreator : Analyzing class class com.limitbeyond.model.Workout for index information
2025-09-03T11:29:38.897+05:30 DEBUG 17344 --- [           main] .m.c.i.MongoPersistentEntityIndexCreator : Analyzing class class com.limitbeyond.model.DietChat for index information
2025-09-03T11:29:38.900+05:30 DEBUG 17344 --- [           main] .m.c.i.MongoPersistentEntityIndexCreator : Analyzing class class com.limitbeyond.model.Feedback for index information
2025-09-03T11:29:38.901+05:30 DEBUG 17344 --- [           main] .m.c.i.MongoPersistentEntityIndexCreator : Analyzing class class com.limitbeyond.model.Feedback$FeedbackResponse for index information
2025-09-03T11:29:38.902+05:30 DEBUG 17344 --- [           main] .m.c.i.MongoPersistentEntityIndexCreator : Analyzing class class com.limitbeyond.model.User for index information
2025-09-03T11:29:38.903+05:30 DEBUG 17344 --- [           main] .m.c.i.MongoPersistentEntityIndexCreator : Analyzing class class com.limitbeyond.model.DietChat$DietChatMessage for index information
2025-09-03T11:29:38.903+05:30 DEBUG 17344 --- [           main] .m.c.i.MongoPersistentEntityIndexCreator : Analyzing class class com.limitbeyond.model.ExerciseTemplate for index information
2025-09-03T11:29:38.904+05:30 DEBUG 17344 --- [           main] .m.c.i.MongoPersistentEntityIndexCreator : Analyzing class class com.limitbeyond.model.MuscleGroup for index information
2025-09-03T11:29:38.905+05:30 DEBUG 17344 --- [           main] .m.c.i.MongoPersistentEntityIndexCreator : Analyzing class class com.limitbeyond.model.WorkoutSet for index information
2025-09-03T11:29:38.905+05:30 DEBUG 17344 --- [           main] .m.c.i.MongoPersistentEntityIndexCreator : Analyzing class class com.limitbeyond.model.Checkin for index information
2025-09-03T11:29:38.906+05:30 DEBUG 17344 --- [           main] .m.c.i.MongoPersistentEntityIndexCreator : Analyzing class class com.limitbeyond.model.Payment for index information
2025-09-03T11:29:39.619+05:30  INFO 17344 --- [ngodb.net:27017] org.mongodb.driver.cluster               : Monitor thread successfully connected to server with description ServerDescription{address=ac-wlervqs-shard-00-00.gaaho0t.mongodb.net:27017, type=REPLICA_SET_SECONDARY, state=CONNECTED, ok=true, minWireVersion=0, maxWireVersion=25, maxDocumentSize=16777216, logicalSessionTimeoutMinutes=30, roundTripTimeNanos=687299400, setName='atlas-w7svai-shard-0', canonicalAddress=ac-wlervqs-shard-00-00.gaaho0t.mongodb.net:27017, hosts=[ac-wlervqs-shard-00-02.gaaho0t.mongodb.net:27017, ac-wlervqs-shard-00-01.gaaho0t.mongodb.net:27017, ac-wlervqs-shard-00-00.gaaho0t.mongodb.net:27017], passives=[], arbiters=[], primary='ac-wlervqs-shard-00-02.gaaho0t.mongodb.net:27017', tagSet=TagSet{[Tag{name='availabilityZone', value='aps1-az1'}, Tag{name='diskState', value='READY'}, Tag{name='nodeType', value='ELECTABLE'}, Tag{name='provider', value='AWS'}, Tag{name='region', value='AP_SOUTH_1'}, Tag{name='workloadType', value='OPERATIONAL'}]}, electionId=null, setVersion=43, topologyVersion=TopologyVersion{processId=68b741584c2568eb6b04640a, counter=4}, lastWriteDate=Wed Sep 03 11:29:39 IST 2025, lastUpdateTimeNanos=42113336264200}
2025-09-03T11:29:39.619+05:30  INFO 17344 --- [ngodb.net:27017] org.mongodb.driver.cluster               : Monitor thread successfully connected to server with description ServerDescription{address=ac-wlervqs-shard-00-02.gaaho0t.mongodb.net:27017, type=REPLICA_SET_PRIMARY, state=CONNECTED, ok=true, minWireVersion=0, maxWireVersion=25, maxDocumentSize=16777216, logicalSessionTimeoutMinutes=30, roundTripTimeNanos=687297500, setName='atlas-w7svai-shard-0', canonicalAddress=ac-wlervqs-shard-00-02.gaaho0t.mongodb.net:27017, hosts=[ac-wlervqs-shard-00-02.gaaho0t.mongodb.net:27017, ac-wlervqs-shard-00-01.gaaho0t.mongodb.net:27017, ac-wlervqs-shard-00-00.gaaho0t.mongodb.net:27017], passives=[], arbiters=[], primary='ac-wlervqs-shard-00-02.gaaho0t.mongodb.net:27017', tagSet=TagSet{[Tag{name='availabilityZone', value='aps1-az2'}, Tag{name='diskState', value='READY'}, Tag{name='nodeType', value='ELECTABLE'}, Tag{name='provider', value='AWS'}, Tag{name='region', value='AP_SOUTH_1'}, Tag{name='workloadType', value='OPERATIONAL'}]}, electionId=7fffffff000000000000007d, setVersion=43, topologyVersion=TopologyVersion{processId=68b7419bdd2ff8e525b9f247, counter=6}, lastWriteDate=Wed Sep 03 11:29:39 IST 2025, lastUpdateTimeNanos=42113336264000}
2025-09-03T11:29:39.627+05:30  INFO 17344 --- [ngodb.net:27017] org.mongodb.driver.cluster               : Discovered replica set primary ac-wlervqs-shard-00-02.gaaho0t.mongodb.net:27017 with max election id 7fffffff000000000000007d and max set version 43
2025-09-03T11:29:39.694+05:30  INFO 17344 --- [ngodb.net:27017] org.mongodb.driver.cluster               : Monitor thread successfully connected to server with description ServerDescription{address=ac-wlervqs-shard-00-01.gaaho0t.mongodb.net:27017, type=REPLICA_SET_SECONDARY, state=CONNECTED, ok=true, minWireVersion=0, maxWireVersion=25, maxDocumentSize=16777216, logicalSessionTimeoutMinutes=30, roundTripTimeNanos=751881100, setName='atlas-w7svai-shard-0', canonicalAddress=ac-wlervqs-shard-00-01.gaaho0t.mongodb.net:27017, hosts=[ac-wlervqs-shard-00-02.gaaho0t.mongodb.net:27017, ac-wlervqs-shard-00-01.gaaho0t.mongodb.net:27017, ac-wlervqs-shard-00-00.gaaho0t.mongodb.net:27017], passives=[], arbiters=[], primary='ac-wlervqs-shard-00-02.gaaho0t.mongodb.net:27017', tagSet=TagSet{[Tag{name='availabilityZone', value='aps1-az3'}, Tag{name='diskState', value='READY'}, Tag{name='nodeType', value='ELECTABLE'}, Tag{name='provider', value='AWS'}, Tag{name='region', value='AP_SOUTH_1'}, Tag{name='workloadType', value='OPERATIONAL'}]}, electionId=null, setVersion=43, topologyVersion=TopologyVersion{processId=68b741e0b28846c6c5bf1c27, counter=3}, lastWriteDate=Wed Sep 03 11:29:39 IST 2025, lastUpdateTimeNanos=42113416408300}
2025-09-03T11:29:40.307+05:30 DEBUG 17344 --- [           main] s.w.s.m.m.a.RequestMappingHandlerMapping : 66 mappings in 'requestMappingHandlerMapping'
2025-09-03T11:29:40.578+05:30 DEBUG 17344 --- [           main] o.s.w.s.handler.SimpleUrlHandlerMapping  : Patterns [/webjars/**, /**] in 'resourceHandlerMapping'
2025-09-03T11:29:40.661+05:30  INFO 17344 --- [           main] o.s.s.web.DefaultSecurityFilterChain     : Will secure any request with [org.springframework.security.web.session.DisableEncodeUrlFilter@6335f04a, org.springframework.security.web.context.request.async.WebAsyncManagerIntegrationFilter@74ce7fdf, org.springframework.security.web.context.SecurityContextHolderFilter@782cc5fa, org.springframework.security.web.header.HeaderWriterFilter@59fea5f5, org.springframework.web.filter.CorsFilter@1f26b992, org.springframework.security.web.authentication.logout.LogoutFilter@37ffe4f3, com.limitbeyond.security.JwtAuthenticationFilter@2f60cbf2, org.springframework.security.web.savedrequest.RequestCacheAwareFilter@ae3c140, org.springframework.security.web.servletapi.SecurityContextHolderAwareRequestFilter@6f2d3391, org.springframework.security.web.authentication.AnonymousAuthenticationFilter@631bc9f4, org.springframework.security.web.session.SessionManagementFilter@70f4abc1, org.springframework.security.web.access.ExceptionTranslationFilter@7ec13984, org.springframework.security.web.access.intercept.AuthorizationFilter@13908f9c]
2025-09-03T11:29:41.023+05:30 DEBUG 17344 --- [           main] s.w.s.m.m.a.RequestMappingHandlerAdapter : ControllerAdvice beans: 0 @ModelAttribute, 0 @InitBinder, 1 RequestBodyAdvice, 1 ResponseBodyAdvice
2025-09-03T11:29:41.086+05:30 DEBUG 17344 --- [           main] .m.m.a.ExceptionHandlerExceptionResolver : ControllerAdvice beans: 0 @ExceptionHandler, 1 ResponseBodyAdvice
2025-09-03T11:29:41.231+05:30 DEBUG 17344 --- [           main] c.l.security.JwtAuthenticationFilter     : Filter 'jwtAuthenticationFilter' configured for use
2025-09-03T11:29:41.232+05:30  INFO 17344 --- [           main] o.s.b.t.m.w.SpringBootMockServletContext : Initializing Spring TestDispatcherServlet ''
2025-09-03T11:29:41.232+05:30  INFO 17344 --- [           main] o.s.t.web.servlet.TestDispatcherServlet  : Initializing Servlet ''
2025-09-03T11:29:41.234+05:30  INFO 17344 --- [           main] o.s.t.web.servlet.TestDispatcherServlet  : Completed initialization in 1 ms
2025-09-03T11:29:41.262+05:30  INFO 17344 --- [           main] c.l.controller.AuthControllerTest        : Started AuthControllerTest in 5.277 seconds (process running for 7.017)
2025-09-03T11:29:41.285+05:30 DEBUG 17344 --- [           main] o.s.data.mongodb.core.MongoTemplate      : Executing count: {} in collection: exercise_templates
2025-09-03T11:29:41.618+05:30 DEBUG 17344 --- [           main] o.s.data.mongodb.core.MongoTemplate      : Executing count: {} in collection: muscle_groups
2025-09-03T11:29:41.645+05:30 DEBUG 17344 --- [           main] o.s.data.mongodb.core.MongoTemplate      : Executing count: {} in collection: exercise_templates
2025-09-03T11:29:42.707+05:30 DEBUG 17344 --- [           main] o.s.data.mongodb.core.MongoTemplate      : Remove using query: {} in collection: users.
2025-09-03T11:29:42.909+05:30 DEBUG 17344 --- [           main] o.s.data.mongodb.core.MongoTemplate      : Inserting Document containing fields: [username, email, password, roles, active, assignedMembers, _class] in collection: users
2025-09-03T11:29:43.000+05:30 DEBUG 17344 --- [           main] o.s.security.web.FilterChainProxy        : Securing POST /api/auth/signin
2025-09-03T11:29:43.008+05:30 DEBUG 17344 --- [           main] o.s.s.w.a.AnonymousAuthenticationFilter  : Set SecurityContextHolder to anonymous SecurityContext
2025-09-03T11:29:43.009+05:30 DEBUG 17344 --- [           main] o.s.security.web.FilterChainProxy        : Secured POST /api/auth/signin
2025-09-03T11:29:43.014+05:30 DEBUG 17344 --- [           main] s.w.s.m.m.a.RequestMappingHandlerMapping : Mapped to com.limitbeyond.controller.AuthController#authenticateUser(LoginRequest)
2025-09-03T11:29:43.090+05:30 DEBUG 17344 --- [           main] m.m.a.RequestResponseBodyMethodProcessor : Read "application/json;charset=UTF-8" to [com.limitbeyond.payload.LoginRequest@102c24d1]
2025-09-03T11:29:43.254+05:30 DEBUG 17344 --- [           main] o.s.d.m.r.query.MongoQueryCreator        : Created query Query: { "username" : "testuser"}, Fields: {}, Sort: {}
2025-09-03T11:29:43.267+05:30 DEBUG 17344 --- [           main] o.s.data.mongodb.core.MongoTemplate      : find using query: { "username" : "testuser"} fields: Document{{}} for class: class com.limitbeyond.model.User in collection: users
2025-09-03T11:29:43.400+05:30 DEBUG 17344 --- [           main] o.s.s.a.dao.DaoAuthenticationProvider    : Authenticated user
2025-09-03T11:29:43.439+05:30 DEBUG 17344 --- [           main] o.s.w.s.m.m.a.HttpEntityMethodProcessor  : Using 'application/json', given [*/*] and supported [application/json, application/*+json]
2025-09-03T11:29:43.440+05:30 DEBUG 17344 --- [           main] o.s.w.s.m.m.a.HttpEntityMethodProcessor  : Writing [com.limitbeyond.payload.JwtAuthenticationResponse@2696b687]
]]></system-out>
    <system-err><![CDATA[WARNING: A Java agent has been loaded dynamically (C:\Users\user\.m2\repository\net\bytebuddy\byte-buddy-agent\1.14.12\byte-buddy-agent-1.14.12.jar)
WARNING: If a serviceability tool is in use, please run with -XX:+EnableDynamicAgentLoading to hide this warning
WARNING: If a serviceability tool is not in use, please run with -Djdk.instrument.traceUsage for more information
WARNING: Dynamic loading of agents will be disallowed by default in a future release
]]></system-err>
  </testcase>
  <testcase name="testSignup" classname="com.limitbeyond.controller.AuthControllerTest" time="0.356">
    <system-out><![CDATA[2025-09-03T11:29:43.506+05:30 DEBUG 17344 --- [           main] o.s.data.mongodb.core.MongoTemplate      : Remove using query: {} in collection: users.
2025-09-03T11:29:43.528+05:30 DEBUG 17344 --- [           main] o.s.security.web.FilterChainProxy        : Securing POST /api/auth/signup
2025-09-03T11:29:43.528+05:30 DEBUG 17344 --- [           main] o.s.s.w.a.AnonymousAuthenticationFilter  : Set SecurityContextHolder to anonymous SecurityContext
2025-09-03T11:29:43.528+05:30 DEBUG 17344 --- [           main] o.s.security.web.FilterChainProxy        : Secured POST /api/auth/signup
2025-09-03T11:29:43.528+05:30 DEBUG 17344 --- [           main] s.w.s.m.m.a.RequestMappingHandlerMapping : Mapped to com.limitbeyond.controller.AuthController#registerUser(SignupRequest)
2025-09-03T11:29:43.545+05:30 DEBUG 17344 --- [           main] m.m.a.RequestResponseBodyMethodProcessor : Read "application/json;charset=UTF-8" to [com.limitbeyond.payload.SignupRequest@1e4a4ed5]
2025-09-03T11:29:43.565+05:30 DEBUG 17344 --- [           main] o.s.d.m.r.query.MongoQueryCreator        : Created query Query: { "username" : "testadmin"}, Fields: {}, Sort: {}
2025-09-03T11:29:43.568+05:30 DEBUG 17344 --- [           main] o.s.data.mongodb.core.MongoTemplate      : Executing count: { "username" : "testadmin"} in collection: users
2025-09-03T11:29:43.597+05:30 DEBUG 17344 --- [           main] o.s.d.m.r.query.MongoQueryCreator        : Created query Query: { "email" : "admin@test.com"}, Fields: {}, Sort: {}
2025-09-03T11:29:43.597+05:30 DEBUG 17344 --- [           main] o.s.data.mongodb.core.MongoTemplate      : Executing count: { "email" : "admin@test.com"} in collection: users
2025-09-03T11:29:43.714+05:30 DEBUG 17344 --- [           main] o.s.data.mongodb.core.MongoTemplate      : Inserting Document containing fields: [username, email, password, firstName, lastName, phoneNumber, roles, active, assignedMembers, _class] in collection: users
2025-09-03T11:29:43.746+05:30 DEBUG 17344 --- [           main] o.s.d.m.r.query.MongoQueryCreator        : Created query Query: { "username" : "testadmin"}, Fields: {}, Sort: {}
2025-09-03T11:29:43.747+05:30 DEBUG 17344 --- [           main] o.s.data.mongodb.core.MongoTemplate      : find using query: { "username" : "testadmin"} fields: Document{{}} for class: class com.limitbeyond.model.User in collection: users
2025-09-03T11:29:43.854+05:30 DEBUG 17344 --- [           main] o.s.s.a.dao.DaoAuthenticationProvider    : Authenticated user
2025-09-03T11:29:43.856+05:30 DEBUG 17344 --- [           main] o.s.w.s.m.m.a.HttpEntityMethodProcessor  : Using 'application/json', given [*/*] and supported [application/json, application/*+json]
2025-09-03T11:29:43.856+05:30 DEBUG 17344 --- [           main] o.s.w.s.m.m.a.HttpEntityMethodProcessor  : Writing [{message=User registered successfully, token=eyJhbGciOiJIUzUxMiJ9.eyJzdWIiOiI2OGI3ZDk0ZmFmM2QwMzQyMG (truncated)...]
]]></system-out>
  </testcase>
</testsuite>